CLIENT_RANDOM 4eb6e9a8516b4b8f2bf45f8ea8a72182ce786aa14683f7d6a0c824a429714d54 2febd0161fe27d900aa8b0f190d8180449e5965bc5716402a9f5f77717e19080b776e25cfefbb9f8ab29eec4469d7611
CLIENT_RANDOM bcf54efadfafc13a265b51f7d2709479d6f6304164ccc3c5621b73fd93e8eef9 c710fa268bed2313b63d57272f2c6807425b0eef166c43ca70eb264576b05161b95d4918a93bccf9713d98601e165e8e
CLIENT_RANDOM 8370325d926d826d224237e149080f81ef85fc5ee52db75a140731ff3ccdb745 8472d6e015fa74a7f54cf184b1fd8c6a9cdd1b57f18cfbf6637e91ce04703d34739fbad70fdd504fd2a36dbb1d4a9926
CLIENT_RANDOM 07f1a96aa79f62af7398b46af42f08c6e66d44669086b4724c8e508543438bd5 25e528298e16a4f3e5beacab6b1b9ea7f456a19f43b8ba16443242a4c780ed3cec15c0a12ee8f7163e07a07502d24b52
CLIENT_HANDSHAKE_TRAFFIC_SECRET 330e1ada2e0e05cb01dd617a43483a497ec18ea7df1f6ea9253b21a5d4a5df77 2a370c6c41754dd555d44f2dbda8394eaab9cfe6e0f46aadd3cf421a30c299bfbde1111f1e685b981f6bc48d175a6c8c
SERVER_HANDSHAKE_TRAFFIC_SECRET 330e1ada2e0e05cb01dd617a43483a497ec18ea7df1f6ea9253b21a5d4a5df77 a8f03249d0d5f7d59a7db2fcece6346e78fcd8ad35f94f63566129400e92eb897cb0599bc8cb783d48c9c07f3626d854
CLIENT_TRAFFIC_SECRET_0 330e1ada2e0e05cb01dd617a43483a497ec18ea7df1f6ea9253b21a5d4a5df77 5e588f8c5bbf77106725f68d9ac74b0a99e0a19d439de567572f2ad918f1654e6d3aca99a9ca78d4af230f0e9d541823
SERVER_TRAFFIC_SECRET_0 330e1ada2e0e05cb01dd617a43483a497ec18ea7df1f6ea9253b21a5d4a5df77 2aeadf43500d813dd9ed0b4e52ecc434b2e610fcac0ebf5a5c21e46b66730d50d3c5e66b6a3e550366bc10e696c8868c
EXPORTER_SECRET 330e1ada2e0e05cb01dd617a43483a497ec18ea7df1f6ea9253b21a5d4a5df77 eff3483f13bbfb20ffd63f45d20dabb86ce03e8c3d401890fc599e282ada301b2d36fdcbc15dda1e41da8d80ec46092f
CLIENT_RANDOM b588592065bfc34f78c0254d8a2e52a6343dbb690b40cc5516f9ad92783ea0e6 b261177c9bb6278bb63494b5c3c817942f18817e99e3784f56ea32b7a36ec394b8b597af81e676faa67d34cb42f93ead
CLIENT_RANDOM 5c17a8e20d85e9e6c8012faf54fd8e0967647b7b03f257393ca47ea1cdec97d7 21aef74707ed7141e264e04efacb47a5d6a621e3c9d66a775f15dc23a8722792efce70f45d55453eb2c327a5e9a59abd
CLIENT_HANDSHAKE_TRAFFIC_SECRET 519af945c05fde0cc682557c7667c3c083d4d82e1d27b4db2ba0032a3ce03762 6e95083044d5c7bf8a4c1b3c5b7084122e2f04662d5057a8be255d1c7bb7db20c180d5f688529ae9da76e289f192d121
SERVER_HANDSHAKE_TRAFFIC_SECRET 519af945c05fde0cc682557c7667c3c083d4d82e1d27b4db2ba0032a3ce03762 c426042af1b0087d60e63d6fb6976344a12618a8ce8204fdfe3140f0dd11d8671e61f6ffecfec254e263cf7575ef5c8e
CLIENT_TRAFFIC_SECRET_0 519af945c05fde0cc682557c7667c3c083d4d82e1d27b4db2ba0032a3ce03762 28dbfd5660938ff9d00caad15df7be1cb242693e49ff6af0a2002d137f84b803fd1774d24c6962d20c07b786cb3c0e21
SERVER_TRAFFIC_SECRET_0 519af945c05fde0cc682557c7667c3c083d4d82e1d27b4db2ba0032a3ce03762 82b5f345fc7c0df6782c2d4e47a739a37e2c13ee639012efa80ce296ddbb1473f6a4d7489ba33d50cc79019b461d7c0c
EXPORTER_SECRET 519af945c05fde0cc682557c7667c3c083d4d82e1d27b4db2ba0032a3ce03762 a8347b0d0e3ffd30e8e97e82076fc4dfcf9f5696128120cae2db74cffd314bd5ccfc263ace90fd0e35fa4e37e9f7b024
CLIENT_RANDOM aad46f4f0dfbfd6d600eab0c26ccd2c66c7c0d63784dc3a5816101570cd7eb6a 5ce070db3f6f8525c8b4367a55fcd0882b252860262d63d3576e499ea57da796ab34af68fac13c4e9cb40d54345c8538
CLIENT_HANDSHAKE_TRAFFIC_SECRET e628a935bd0344456e4c2703dad474cdeafa1dc01fc606e995678e1cae037412 931f0dc3f526b06abb2c48f5086f9b2f22ca246f37fa09bf29f07c7199bea11c595ee2f3b00397fd545986c0c5555c8c
SERVER_HANDSHAKE_TRAFFIC_SECRET e628a935bd0344456e4c2703dad474cdeafa1dc01fc606e995678e1cae037412 186a176039465d75482c1e654e2532a1097d0ea7adb853cfb4b8e81f1bce2b8afd6f0cac3512545e828c8cd4f7d5398f
CLIENT_TRAFFIC_SECRET_0 e628a935bd0344456e4c2703dad474cdeafa1dc01fc606e995678e1cae037412 b97977aa003c0e2308e0fc7eb3124d3588d2fc0425b4b6f76b00e02a5f58ca31d0be41a90b8841c2364d1bff7c9a9ec9
SERVER_TRAFFIC_SECRET_0 e628a935bd0344456e4c2703dad474cdeafa1dc01fc606e995678e1cae037412 c0e57af499e35e4f607113aa211d2610a387c56f78dea9c23bdf663a2dcc889df402206f0597e170278c27070494ea22
EXPORTER_SECRET e628a935bd0344456e4c2703dad474cdeafa1dc01fc606e995678e1cae037412 b11532921595cb552aec8e9a1abc237efda689351b06c9d886fc1017381ffbc46a3696cde7761a2287da71d3c190b8d6
CLIENT_RANDOM 10998acf7b8eab7f98b4df845f48a4122f5c738273c8cbc4465051aa079d033a d1a9bd13ab4c4a6835515fafe19b8ae561c08dd20a725729bb9581291921634ced2a6d396621c264fe79b0f9a4088a42
CLIENT_HANDSHAKE_TRAFFIC_SECRET 7ac9f89499c6d7cade8a4e57c013e68c21b184275981c511d49fa55effdcfafb 997abf55ebab322c54f1c81f7779b095b2e1041c0f7d727b819801a644c38704776120bbb30be2066881d19c77b93cf3
SERVER_HANDSHAKE_TRAFFIC_SECRET 7ac9f89499c6d7cade8a4e57c013e68c21b184275981c511d49fa55effdcfafb 61562eb90dff0105733b3ac69f52d13cefd5564a4b9c23a4c5be887c1856b4c9b454e836234101cd5e8e3410a3c62ee5
CLIENT_HANDSHAKE_TRAFFIC_SECRET b2c1269db6ecf781f02a4f794e31135bdd006737a9bdf93b9f266ea6f2a875fd 50c47cfa6d6cba71c0044175992bcaecd720836301ebdea7c83319faba9479ce4c06abc01ee2c278c08dec800f05fea5
SERVER_HANDSHAKE_TRAFFIC_SECRET b2c1269db6ecf781f02a4f794e31135bdd006737a9bdf93b9f266ea6f2a875fd f9028b5dd10f22fb78369f70228e12aa4f1d45df1fe55a568b351b4d1ac532bd245624ae33fb5c700b10d505f1f34659
CLIENT_HANDSHAKE_TRAFFIC_SECRET dadac678e057980f75e498dcb2dbd814a4773bf649347e503dd32afe33c5e607 b09e1933a222c38ce696ad7daf2a133f9312859de78c6b8d781ad92dc4a8170ce2a2ad833ac9fb57c3cbdd1941887cb1
SERVER_HANDSHAKE_TRAFFIC_SECRET dadac678e057980f75e498dcb2dbd814a4773bf649347e503dd32afe33c5e607 526b164d90478c87ac6b54475a41fe77f813a79435d1cedc47eaaec2457788937418fafc7d51427077334deee6c2aafc
CLIENT_HANDSHAKE_TRAFFIC_SECRET 954e08dc4bf71132a695bfc7b5ae6658cd658534bc180fa66981473602b081d2 3a7d5cafc8bf2143e20d987e9ba62c11b475a5eacf92acc05adb815ca5ad21ab42adb031e40da7ab6ce97910e59f8877
SERVER_HANDSHAKE_TRAFFIC_SECRET 954e08dc4bf71132a695bfc7b5ae6658cd658534bc180fa66981473602b081d2 f08d1b3c59427abd4751276631cadef151a9c555510709f29dc1bdefbb23c8dc0a3a5fe4d06987fa268de30c8e02f273
CLIENT_HANDSHAKE_TRAFFIC_SECRET c2da840bf0a8bb39e084ffad11b4db9826aafd50cfbe2b3b9c413e18626caed6 5d05e668440cfb948aa1ffdfd7ae6c570a26325a9958193899607670a30fed23a676e24447eb84bd797b5143b6e14418
SERVER_HANDSHAKE_TRAFFIC_SECRET c2da840bf0a8bb39e084ffad11b4db9826aafd50cfbe2b3b9c413e18626caed6 0ccd7fec8a92c172084e7fd85e5d9c6d9798d1211b9d4ef6dbc78699f71ec40a15871fa6626eefe84ce317688c0e4b34
CLIENT_HANDSHAKE_TRAFFIC_SECRET 1fd91877f753ed2d141f09788ae316ebf2d53087c309297598052c01f7efdd3d 88df3e2934d91fe6dec8f8f03e2006e8201a1122b0bcd77bbf7325e8ce7990128568c8339473eda4e22cc122cdb0900f
SERVER_HANDSHAKE_TRAFFIC_SECRET 1fd91877f753ed2d141f09788ae316ebf2d53087c309297598052c01f7efdd3d 64a03a7993b5ad3eb0355a9da9a82f8fdb43ec7a0a41a0375949b35dca5aa143af526348011a6e04ebee4871291ebe9f
CLIENT_TRAFFIC_SECRET_0 954e08dc4bf71132a695bfc7b5ae6658cd658534bc180fa66981473602b081d2 6f1342ec5c6a0989a1861e1673592bc8c16f029f824371c3f4c837ebf4c7abd52f9bdc7daf481efa8eeaea7acdb1f216
SERVER_TRAFFIC_SECRET_0 954e08dc4bf71132a695bfc7b5ae6658cd658534bc180fa66981473602b081d2 0a13bc21e3461a0371a8a3d561bf25a31af7849bf42accaf87362f2eb30ce627a3a88e176e52a76b1e793be4aa4f8518
EXPORTER_SECRET 954e08dc4bf71132a695bfc7b5ae6658cd658534bc180fa66981473602b081d2 445854f7485331931b77d77e3360cbb58cb58c6e0b0ad2c58bdbd6eb6e67db88902974bda04a5b8c7e73dc964cde8b3d
CLIENT_TRAFFIC_SECRET_0 c2da840bf0a8bb39e084ffad11b4db9826aafd50cfbe2b3b9c413e18626caed6 c5129eff9dfcb09c35839b684873a2d26e6e928628f4abdd0e3a4ef37b6558abf16e548ac4a7bbfb74df72aa545d06a6
SERVER_TRAFFIC_SECRET_0 c2da840bf0a8bb39e084ffad11b4db9826aafd50cfbe2b3b9c413e18626caed6 8dba0fd167de956845545190f2f51cccbcf18e0d26b9f54fca7335f46564a3896bb66afebfae08d931de6f0848dc23ea
EXPORTER_SECRET c2da840bf0a8bb39e084ffad11b4db9826aafd50cfbe2b3b9c413e18626caed6 c53d52306215b13b2741dd5d5397b68da3f35ef941de8461d495dd03abc2942431180ef696bacf84b3822aa673584af1
CLIENT_TRAFFIC_SECRET_0 7ac9f89499c6d7cade8a4e57c013e68c21b184275981c511d49fa55effdcfafb 6b9e205666a0a1448b071cfd534d2aa29bc74a2cfc76be61b0109c149aac9e91067ee7a03665e9c8088c63878abdd4e9
SERVER_TRAFFIC_SECRET_0 7ac9f89499c6d7cade8a4e57c013e68c21b184275981c511d49fa55effdcfafb ddd11168a0c1e1b80ee155edf36e6227be04f30dd7d82ccf3bfa228d1bdfe789a52d0b15aba534cb934d96900c4582d2
EXPORTER_SECRET 7ac9f89499c6d7cade8a4e57c013e68c21b184275981c511d49fa55effdcfafb aa9f1561929a7156c4171465f0133895e4ddd2f6bbc28776c85d251c92895863c16b1cbe35647126a3e4c6f0d17c55e6
CLIENT_TRAFFIC_SECRET_0 b2c1269db6ecf781f02a4f794e31135bdd006737a9bdf93b9f266ea6f2a875fd 4abcb5121c2925e443729ae7ab39f68a6e53fd5ad15a04231adc7e15e3d5c9ffd95f4aa7dd20e3635b7819a9539a7f72
SERVER_TRAFFIC_SECRET_0 b2c1269db6ecf781f02a4f794e31135bdd006737a9bdf93b9f266ea6f2a875fd 62375c091d22e7596b73a3b5fc4f36f684db1099cd2abf51a772afcbd0ed3eebda23ba55012c965ba3ea1f91f043d8ad
EXPORTER_SECRET b2c1269db6ecf781f02a4f794e31135bdd006737a9bdf93b9f266ea6f2a875fd 2e1b32dd8a2cc08c28169830328e422c00e9a7ac6e4102304b1ea367c972fb77702601ce5a8e573b9e3f1034f86e9ec5
CLIENT_TRAFFIC_SECRET_0 dadac678e057980f75e498dcb2dbd814a4773bf649347e503dd32afe33c5e607 3a71d9f182c1db1dcf4964a74db3832f20e170b2c3db8e542326c305fc920952f7c0f666d639c5cbad619fe4bfb272a7
SERVER_TRAFFIC_SECRET_0 dadac678e057980f75e498dcb2dbd814a4773bf649347e503dd32afe33c5e607 2357301130badfe53a2917bc1a42211a446e95bf221702982104c55e25da1a0de65585b84d226b26a3984bb29131e9ea
EXPORTER_SECRET dadac678e057980f75e498dcb2dbd814a4773bf649347e503dd32afe33c5e607 5e18dc34d1f7a1d71878d1d371424c8894220d8257fc1fcdff9279b1a83d0c0b5bb5430dec7851c033a97d2a44599334
CLIENT_TRAFFIC_SECRET_0 1fd91877f753ed2d141f09788ae316ebf2d53087c309297598052c01f7efdd3d 62b498920e5cc1565f69ca1c98aba78d4f1f4f44153d193412bdc1edceaa054b7d246622445121f7796e3854a4a8bc4f
SERVER_TRAFFIC_SECRET_0 1fd91877f753ed2d141f09788ae316ebf2d53087c309297598052c01f7efdd3d 9023a1bc4272fb5d8e7910dc28ef078e0920c91950cdcb1fbec4c5c61318b6b8cd3eab2a4ee968f8082d473a4e31f98c
EXPORTER_SECRET 1fd91877f753ed2d141f09788ae316ebf2d53087c309297598052c01f7efdd3d 85a535cecf1dcc25e27bc9593a3ebd64c3986e8781aafffd81c2ef796c696a42cdd25dff1547eeef1e10df9797205c72
CLIENT_HANDSHAKE_TRAFFIC_SECRET 8d38e210696bcd34a6adccd9334a0abec6d850fbbf64e461fa26634a26924f09 c5def8d068d1a478dc558c9a4340b36e44422b5287bb0d676d4b1202887fff6679b059f63898cdad0e0a8fe1005fa904
SERVER_HANDSHAKE_TRAFFIC_SECRET 8d38e210696bcd34a6adccd9334a0abec6d850fbbf64e461fa26634a26924f09 6a4b5d22b48b87a6433083c77a18e7e4e21f2874de47aeebc8a1b7f8417993be8d485a1dece2d783ba66ea039cd17af0
CLIENT_HANDSHAKE_TRAFFIC_SECRET 728933a2e67722e6cae2381b9971a261d45d4a363832784cf992c66fa165eb05 176b2d3e5c382a14f254d5d5717e82c6a444dd3b6b890f1472a32610be573b76a16a894e433025236563b63aa3c2419b
SERVER_HANDSHAKE_TRAFFIC_SECRET 728933a2e67722e6cae2381b9971a261d45d4a363832784cf992c66fa165eb05 bc7f72d6262b8ba33aeb56afc664a1117e8298e4c3c0d727b6c4fee39f75f3a78eca9ecef3a233bea9d1ef01c2d00aef
CLIENT_TRAFFIC_SECRET_0 728933a2e67722e6cae2381b9971a261d45d4a363832784cf992c66fa165eb05 1a1bca175ae84a2618c8422eaf0b13dde6026c6791ec84139f03eeff82076b6e98debd71d2f5558f3f08f38f13069aa6
SERVER_TRAFFIC_SECRET_0 728933a2e67722e6cae2381b9971a261d45d4a363832784cf992c66fa165eb05 5e4fde5b98e3943dc9bb492e68e2fb4ccec8454a4b208b5044cdb6532c09b89d555cb3e7d08e0bc6ab5c508510d75e77
EXPORTER_SECRET 728933a2e67722e6cae2381b9971a261d45d4a363832784cf992c66fa165eb05 6ada78ef76544f0bcace5c8325b6febf589b3fee0b6784c98b85c5c6e9cf014a0d89966daea1a4e66c5d1d7286063a73
CLIENT_TRAFFIC_SECRET_0 8d38e210696bcd34a6adccd9334a0abec6d850fbbf64e461fa26634a26924f09 8d63e7caa637aa4c926913f8f867a63ef4c450d5a785bf89d80222ad47c54182e42ef186d9e5f1e4912c56cdc7ff4936
SERVER_TRAFFIC_SECRET_0 8d38e210696bcd34a6adccd9334a0abec6d850fbbf64e461fa26634a26924f09 49d3163285f828e5d7731ab3c7d8974aa2a9512370365c34ad6c0f9b4bb4b052f0427ddba9d6086ff8a83749442bad1d
EXPORTER_SECRET 8d38e210696bcd34a6adccd9334a0abec6d850fbbf64e461fa26634a26924f09 2bd4b5c4f1df58938b3b9f977a51a94872241a68563b31434d1646712c7af3e465cefc45edf8a2aa0a44b6448b9c9b5a
CLIENT_HANDSHAKE_TRAFFIC_SECRET d15339f31591c050ae777745154cea190c44925af70d66bae946fde0095dae81 c90fa408f8d12239649d2707771f02c0d14fb80c4b8f2c75b01e1784ab843618c5c1a0d4b81baf8b29148894b6a3b9e7
SERVER_HANDSHAKE_TRAFFIC_SECRET d15339f31591c050ae777745154cea190c44925af70d66bae946fde0095dae81 7311086a6ef2bd77881eee5593576acac240146a935784d6c96040e0f948a993e50dd0a3e4b8ecbb67656fa73fd46d62
CLIENT_TRAFFIC_SECRET_0 d15339f31591c050ae777745154cea190c44925af70d66bae946fde0095dae81 055dcdfe8159ae35f5e61ab9ea2bc378ed36aa01772f845caca3b2d85d1d4f9ebc3c45a8974a8e82b0ba343be1534177
SERVER_TRAFFIC_SECRET_0 d15339f31591c050ae777745154cea190c44925af70d66bae946fde0095dae81 c79f2279c2a7578e17aef566d44fe49569b3925cb76610626dfe3ae8e8d26ff4b1a962bc9979bb976df056e0f32fc080
EXPORTER_SECRET d15339f31591c050ae777745154cea190c44925af70d66bae946fde0095dae81 cb82754c9fd5bc496524834e3dccf5affb210f69cb7c1b1a6a1e7e2402eadb84a56462444d374b9d3832af95118be9d9
CLIENT_RANDOM a44185905e7335c41b6036aaeda29993118a6f6fe7af4aaebf273b04ba82fe54 18b6bf8028410b976ff526ff4736495aff559aaa3b756704ca139b155629980c60da92b6aa2301a6c7fddcf6d8b83a93
CLIENT_HANDSHAKE_TRAFFIC_SECRET d6674581a54a20128f1c7e39bd377246eb31bc3df495276f1815f5690f3e48c0 0ab5394ce49d32e65c4cdaeb27cdb6bea244a570c00001ab06563a18afa9269e949954bdd221224b26a21653a8ee3f66
SERVER_HANDSHAKE_TRAFFIC_SECRET d6674581a54a20128f1c7e39bd377246eb31bc3df495276f1815f5690f3e48c0 6f84758723d0ea48fc991ac63e2c00ab957dc9003e72bb3a9979eeb36ccc5d92cd070637178af0321473b69faa7555c4
CLIENT_TRAFFIC_SECRET_0 d6674581a54a20128f1c7e39bd377246eb31bc3df495276f1815f5690f3e48c0 e225e12ec4286518be563191dab79f923ba04b0f58138feef29c3ca5c77dd2effecdd2c123ef760ab28633bf0cf38ee1
SERVER_TRAFFIC_SECRET_0 d6674581a54a20128f1c7e39bd377246eb31bc3df495276f1815f5690f3e48c0 31cb60d4dafeaded9403b9b4c94fa7715b6cc24d757260293cc8326ea85b6b046af81716c34c68897e107e8a87e7aa8e
EXPORTER_SECRET d6674581a54a20128f1c7e39bd377246eb31bc3df495276f1815f5690f3e48c0 f46e2cd485cf8d82b266e7781e38eca2df8112e8cf9ff069e327c778b7d05cf3a8db2866a1d4ddb8c52496af732405a2
CLIENT_HANDSHAKE_TRAFFIC_SECRET f934942f225913730f4d4aa2f16616d4eb968edad3575630e4dce376c66a8a6c d520faee507085023d67f06d3349b76ee5ad467b015a5e39795d08d08579b68f88b9e499e448560c2f766b59770954e7
SERVER_HANDSHAKE_TRAFFIC_SECRET f934942f225913730f4d4aa2f16616d4eb968edad3575630e4dce376c66a8a6c 5f2189ffdb9c751a355b679e7df454685c3612b93ef9f38b050781e0f70b4f21d3d4c90cded1b3e31aef4e5bc270816a
CLIENT_TRAFFIC_SECRET_0 f934942f225913730f4d4aa2f16616d4eb968edad3575630e4dce376c66a8a6c b36785b3f3fcc36291778b2e01bf21b01ca60942a1e4635a8c18eca78c8e6bb676dc588870768e7451c8a6f18e607834
SERVER_TRAFFIC_SECRET_0 f934942f225913730f4d4aa2f16616d4eb968edad3575630e4dce376c66a8a6c ee18717c3789ecd1a295afd8a0ab04a33a6f70ec54cbb1b67a40ba2979cf1226f318e05874d3737653ca2fe535b6e0dc
EXPORTER_SECRET f934942f225913730f4d4aa2f16616d4eb968edad3575630e4dce376c66a8a6c 8df6263e6c1f4b6885a6e70ffea3d2fc33b6a154ff5c7ec37ac90cf59327bb17cf6f995be2c6e04633f7556ed10fe54c
CLIENT_HANDSHAKE_TRAFFIC_SECRET 49f49d5a24318d1867c383b64ed6bb71a1641a2fe72c258be06fc4a28fd358e4 8ae209c1ae76ce90347f1ee1b2e17fab0149dfe0f863c2f5e4d00959f689469316294a022fc5de468d305b762a338134
SERVER_HANDSHAKE_TRAFFIC_SECRET 49f49d5a24318d1867c383b64ed6bb71a1641a2fe72c258be06fc4a28fd358e4 a9cec42454851ba6958630834d2a7c2f4a430a936b865d80121dbb289ed170854610018622c106b91c3cc0fc7674942a
CLIENT_TRAFFIC_SECRET_0 49f49d5a24318d1867c383b64ed6bb71a1641a2fe72c258be06fc4a28fd358e4 31e095f4b97d2f0b3f1a14171f4093233e38b2f75d541c55a9acb5e3b605340fefbe22206f370fbebe6ec4cb073fb20e
SERVER_TRAFFIC_SECRET_0 49f49d5a24318d1867c383b64ed6bb71a1641a2fe72c258be06fc4a28fd358e4 d44961a5a94d30c752385899ef9526e91b34898eb8207e7858ec2876715aaab638338daa4e09e08d429249ee9815fa79
EXPORTER_SECRET 49f49d5a24318d1867c383b64ed6bb71a1641a2fe72c258be06fc4a28fd358e4 5673f7ee3038cccf8b22540a5f13990ac57a0b581120a53b923923e43eea4fb84eeaad43fe0e06440de1cb190363477a
CLIENT_HANDSHAKE_TRAFFIC_SECRET 4132c25d94981b215331652513eef52f8c9cffbc78435184ed7bd94b277d1011 a5519ff5ca50f199876e250f81cf7ada316087aa340eb8cf1a7e05024810faf57f1660a9c7390748244787deaedc9a15
SERVER_HANDSHAKE_TRAFFIC_SECRET 4132c25d94981b215331652513eef52f8c9cffbc78435184ed7bd94b277d1011 017d4f07d0d8da68dd68dcda33a1b65cb9731a497d15129f7934ece652dc65490f446a34da665ded62420d8493e1cd3d
CLIENT_TRAFFIC_SECRET_0 4132c25d94981b215331652513eef52f8c9cffbc78435184ed7bd94b277d1011 13209c011d8cc9b04462f1fe661fcabee64c69cad8ce9b8bf19c3f13ebff5763000794eaa07848d0a6ae4593875ff536
SERVER_TRAFFIC_SECRET_0 4132c25d94981b215331652513eef52f8c9cffbc78435184ed7bd94b277d1011 67fabd6299139ab96c60f2c6b5e0163dd5bdd01eecf63d5590386b8a48db979839d51ba0c98e829054f18f8cfe418536
EXPORTER_SECRET 4132c25d94981b215331652513eef52f8c9cffbc78435184ed7bd94b277d1011 07389f332b65560f3ad177656239b6dc4911a4a84c695bb6582811adb4a8c75f8d9b12b5cf75c75936dfb53cd32bac16
CLIENT_HANDSHAKE_TRAFFIC_SECRET d1ba1ee6b24cb96c9d0307119d18c0257281ed91c2f58859d2695f0f600c9e23 8016a4f5d6e7664cd432316b04780857747fc034c0d74ceb3a00c02a8f7763d897531724f4fda9be8de6907efd24516a
SERVER_HANDSHAKE_TRAFFIC_SECRET d1ba1ee6b24cb96c9d0307119d18c0257281ed91c2f58859d2695f0f600c9e23 76b3116b0ec27dedb9a133d1c9fcc4b8e7fae76f8375536027f66f2a0cc342257e378d1296d065367a4a214818a6576e
CLIENT_TRAFFIC_SECRET_0 d1ba1ee6b24cb96c9d0307119d18c0257281ed91c2f58859d2695f0f600c9e23 f9470d48f036e1548a3d6fda7e28ef34ecacc53f5ff1584b06d76500190964bfa04508ce0269db063d4dcc0e91929c5f
SERVER_TRAFFIC_SECRET_0 d1ba1ee6b24cb96c9d0307119d18c0257281ed91c2f58859d2695f0f600c9e23 4d7a6aef63c638e5e4c06f50ae3d417aef96f08336715a075ceea0c65df0ce493eb00fe668ffb95881242d2c6f0b29f7
EXPORTER_SECRET d1ba1ee6b24cb96c9d0307119d18c0257281ed91c2f58859d2695f0f600c9e23 ffd01301032f39cb80bbaf19e652ab91ecb30bbbf011469f8070fc86cbbb3e13a9c99f0230a9dfd21a24be4699e152bb
CLIENT_RANDOM b37b8773897a8a842b5d10f0de051eeae00543e44d9beb39a449d41ce75520e2 c14704736591857705d2458e35dbac20ece667e6cf2ee3bc88eae4a58603b3994682c558504f748bb60d080f0ac6f633
CLIENT_RANDOM ba3414abc3f363c1465e3b61490ce7703e218db2e701fb8d9e232556add0d4c9 29879c9d13036a5a94d3f75f4ed9b8eec9eacaa2a89776f0280bd49ba28fc384e40bac2b0f65da5b082a494223b2585d
CLIENT_RANDOM 6eec4084073523eb323c4fcbbf29f02748d47d966d7fbf1aea81a8f993c7e45a ce02212347a6996e250ea029fea3e2af752bae226dc41407cbbbdcab5fc515058b9ef6f9fa0055cd9fa967f928b5a691
CLIENT_HANDSHAKE_TRAFFIC_SECRET 71f3ff67f6e3410fdd3ff985413fa8cbcba4c142c207eb5277ca5c8f0466f6e9 c7c25f653237f7985425be6c242bc91e3feaa30d81268258b3574123f0f4e4a5ed0cb1b8cd60bb0b3a84cebef4ec5c36
SERVER_HANDSHAKE_TRAFFIC_SECRET 71f3ff67f6e3410fdd3ff985413fa8cbcba4c142c207eb5277ca5c8f0466f6e9 22c0eb66bb307d075972600204a269d1887ef8766ee209769fbeb2ee5eb88de344eb0014c15a37ab12fc00b01a6f779c
CLIENT_TRAFFIC_SECRET_0 71f3ff67f6e3410fdd3ff985413fa8cbcba4c142c207eb5277ca5c8f0466f6e9 588567a34fbcd63376048aded9bb921e6d0973b8a81688e3d8e52cab288f9d5b9c448012866d6273d8b462b1a4ad718f
SERVER_TRAFFIC_SECRET_0 71f3ff67f6e3410fdd3ff985413fa8cbcba4c142c207eb5277ca5c8f0466f6e9 3fcd43bf19ae2dd25a5f72eba5cd1c3d8ef8b94aaf1844ef97c7e83fb72a79e9051ca803a735641418fa9cffc85d5329
EXPORTER_SECRET 71f3ff67f6e3410fdd3ff985413fa8cbcba4c142c207eb5277ca5c8f0466f6e9 76ad349f9e2675f212c7731d7d12b9d7befe46199a8f7e1efc553958f8a499b200d161a9c645d1f0ff9fa7237a9c01b8
CLIENT_HANDSHAKE_TRAFFIC_SECRET 9874baa10594516d9622f85b7725a0efd2bbf01cd677701ac89e4e2023483f7d bd9b0f9410ec7ee1ceed3edfff2f78401372be5dd46036572f458884aabdacb9a6f517ae106b8cb67d132f394ae65a51
SERVER_HANDSHAKE_TRAFFIC_SECRET 9874baa10594516d9622f85b7725a0efd2bbf01cd677701ac89e4e2023483f7d 85d23549758b6bc6b705bd1d97c8e3f90c16d3a5cc142d6560d7dd815398ceaf119919a0e7bde1631bcb69d16d59431f
CLIENT_TRAFFIC_SECRET_0 9874baa10594516d9622f85b7725a0efd2bbf01cd677701ac89e4e2023483f7d 0e0bd832758538193736b720d51876b945a7c8c73ba828b651ede4e136cc37a548104ceef720bfb853ed0547bf94db04
SERVER_TRAFFIC_SECRET_0 9874baa10594516d9622f85b7725a0efd2bbf01cd677701ac89e4e2023483f7d a95b53acf18c801cd32ab9a56b6acf0a9413c34194ed6e04db632d9f27d64210f6f3c4325e8a5b0202f9c993bfd02a9f
EXPORTER_SECRET 9874baa10594516d9622f85b7725a0efd2bbf01cd677701ac89e4e2023483f7d 6cdc7c6d2d349b1401e28d22ea95b1ac59dd51a5f925f695366a7ef84633826c644123e65915e174354625efd48171a9
CLIENT_HANDSHAKE_TRAFFIC_SECRET e5f60028beffdc6d5e89fea06819a76eaf1213a27845219209e9b5b409153283 a2a5e89cbfa43317ed7dece16003bb4ae55dc6da1630e59bc18bc2178df5a63adbd10ef12e52e1ee8a0cce6504f9bcc7
SERVER_HANDSHAKE_TRAFFIC_SECRET e5f60028beffdc6d5e89fea06819a76eaf1213a27845219209e9b5b409153283 509efd8be22db0123e4ef909cea3b8f6ec7d38d79b1942fb7050391b33d8a42bf05c80e6ea0d39c8f27dbaa5e21c0347
CLIENT_TRAFFIC_SECRET_0 e5f60028beffdc6d5e89fea06819a76eaf1213a27845219209e9b5b409153283 095604d4e1b953f2ac689c08eb8cd36678d863f0a571f6b95157b236f8f1439303de13ad42c0e33aac6b2343adade228
SERVER_TRAFFIC_SECRET_0 e5f60028beffdc6d5e89fea06819a76eaf1213a27845219209e9b5b409153283 5a7ac056c10d8d9a4cd0bbc2881339b7f92df15c614440ef92ef926900788be77289ec14f9ecedb0f153313c1a9a286b
EXPORTER_SECRET e5f60028beffdc6d5e89fea06819a76eaf1213a27845219209e9b5b409153283 dd07584d711bda5cfb0fd1665bfdb699a52e3bf4c2a66579c5acdb5a7d8c0ff3f2876fb1d2ea3a616ba3f94e2d43ed53
CLIENT_HANDSHAKE_TRAFFIC_SECRET feb858605b76d2e4f6bd6ab606b0f714a164fcdf77634e24fec1ace293c45fc8 02d02812d446e932d3c1c350cb7c3bb284ecdae29d3320f40bd4f5e1deeafe1f27a3d6f2903493056d0d07dde7cfab08
SERVER_HANDSHAKE_TRAFFIC_SECRET feb858605b76d2e4f6bd6ab606b0f714a164fcdf77634e24fec1ace293c45fc8 2126ea1a2666816b5deafd9fcb3760868bc22f11b0be337d3a5153e58d98b1b4197d15e7e42a82d27725f7c02631e555
CLIENT_TRAFFIC_SECRET_0 feb858605b76d2e4f6bd6ab606b0f714a164fcdf77634e24fec1ace293c45fc8 a8d2460d600c461e957f201a662e53b4b09b47877966658867442ac2d60e39bbb3a86f8b3fe3a2320ba26b946ad30423
SERVER_TRAFFIC_SECRET_0 feb858605b76d2e4f6bd6ab606b0f714a164fcdf77634e24fec1ace293c45fc8 0aced7665ebb2f652723885ce8295d9077f5ab813d1e788187fa532c1caa85e4040ca585af66440bf359509925b62e69
EXPORTER_SECRET feb858605b76d2e4f6bd6ab606b0f714a164fcdf77634e24fec1ace293c45fc8 008145f3181513877567df209b0ca571193444b57766c986aa875f76cb7ee71c464002cde0384869b9ff7284ee636530
CLIENT_HANDSHAKE_TRAFFIC_SECRET 21c503467b94db3c089be9e98776c9e8c7ec02a8e6098ca5dffb9db2f388d41a d4b42113acf4189c1889a1dc0bcef861b43402b347fe123d99b304215184ca272cad2e0ffc98694bf0ef1443c299df7e
SERVER_HANDSHAKE_TRAFFIC_SECRET 21c503467b94db3c089be9e98776c9e8c7ec02a8e6098ca5dffb9db2f388d41a 3e2e3912c1aab9e35747809f15bfab226eab5839833e7c5558fbbf8e3ee47198b3ca7ac42d8fe667650a8e9bc6454c0f
CLIENT_HANDSHAKE_TRAFFIC_SECRET 04d5b7ae3e54b1c8202ddbf3aa4548e13aff0a38dad2c3c80ad150a9af12513c 0ae024279b02757b5d22b8e3f2f0108829587e96def973ea00882b248f5617050338034ad6a40cb05bd4fd2df7f2af1d
SERVER_HANDSHAKE_TRAFFIC_SECRET 04d5b7ae3e54b1c8202ddbf3aa4548e13aff0a38dad2c3c80ad150a9af12513c d099e8f66f5332b33eb982d0b8253b08c649082514a509f9a4f0061cc3f6b3b663ced61209858554f6563c771592520c
CLIENT_TRAFFIC_SECRET_0 21c503467b94db3c089be9e98776c9e8c7ec02a8e6098ca5dffb9db2f388d41a 2df1c41a3629a160e78ae630270404a2a09688be8a746ce75410133418a6c8503f1dfeadcfc7cfc43104188581ecf8b5
SERVER_TRAFFIC_SECRET_0 21c503467b94db3c089be9e98776c9e8c7ec02a8e6098ca5dffb9db2f388d41a dfc8465d99854ef123e0c8a7212e122e47ade70a371130290ac27bd848ab22d9c804554d5244aa3c7dfa39599c9e5adf
EXPORTER_SECRET 21c503467b94db3c089be9e98776c9e8c7ec02a8e6098ca5dffb9db2f388d41a 7ecf0373fe93e66fbe56cf7e28ad9e954956bfe9ec61b51fef7ee29b271528e59628354e683409891f0d6587ae92bb2b
CLIENT_TRAFFIC_SECRET_0 04d5b7ae3e54b1c8202ddbf3aa4548e13aff0a38dad2c3c80ad150a9af12513c 594668b6ba23b0781e315ce29f82047b7169397e10482438ce6c577a5e95446edfa6df34171df8ba90fc7198d81fbaee
SERVER_TRAFFIC_SECRET_0 04d5b7ae3e54b1c8202ddbf3aa4548e13aff0a38dad2c3c80ad150a9af12513c 82114f6d4ec08ae31392184bb0e1b0a3da96e983a2cb94a752801191556426636ab7e8cdf39317384845dc662f724ce3
EXPORTER_SECRET 04d5b7ae3e54b1c8202ddbf3aa4548e13aff0a38dad2c3c80ad150a9af12513c 2419ae37a792473239a75a5459dd452bae2507d4dc6dc0174e39ae3b8b11bbe5d63ad719de915fd50ac66d7b52e29614
CLIENT_HANDSHAKE_TRAFFIC_SECRET 1da30eaf267f9de6ea210828655f06c64614da763bb57791b95ee65f83584ca5 de7b4e5214fc7355a4dbd58bc67579946a311feedb432a60de78c1ea445b7e0841b6617fef11da3da5b62c1a857f68ab
SERVER_HANDSHAKE_TRAFFIC_SECRET 1da30eaf267f9de6ea210828655f06c64614da763bb57791b95ee65f83584ca5 2b329c53c05530dc8f59b6a5935fb97080f097af083758e37346e7cfd08c25179dd62d300e9d290af38f054568a2971c
CLIENT_TRAFFIC_SECRET_0 1da30eaf267f9de6ea210828655f06c64614da763bb57791b95ee65f83584ca5 eb4da1029f00202a5fbb2f9b6533bd30827a10b7188db7292e818e36e55e6d6e2199a3f7ce6d06c78fe27e78721b15cb
SERVER_TRAFFIC_SECRET_0 1da30eaf267f9de6ea210828655f06c64614da763bb57791b95ee65f83584ca5 465cb4130fa940bff241db56eb468f63795b5d14b0cda91ddadb941ad8970d7993c06e808fd86d845682ae3a234a4e94
EXPORTER_SECRET 1da30eaf267f9de6ea210828655f06c64614da763bb57791b95ee65f83584ca5 2647919c33735cc17513d7939436fd9512958a4fedf207c6681f1e2afee2f93bf4315799f654e9f92e08e2fd38a4a4fd
CLIENT_HANDSHAKE_TRAFFIC_SECRET 068b18de03bb1f2c9a84aaa3410243dbdad8e67b4ee436bca6616e7266e45842 c6e21272294a976985ed9ca43a292529c1aa882b1f0b8bd8f33a14cdbe60f109d59f810c4fa3eac67fbfd4d8689dc248
SERVER_HANDSHAKE_TRAFFIC_SECRET 068b18de03bb1f2c9a84aaa3410243dbdad8e67b4ee436bca6616e7266e45842 d9ce3411fd36ba11610dbff75640f229b7f15273d5fc19136161765dc29aa734ab5adeee3c10056165b6eba0874e135f
CLIENT_HANDSHAKE_TRAFFIC_SECRET 00ba676c90be209aba578a9c57de16d52bd0c74c6b4d500c644b69aa5cc40657 f859ba37c918cb405592f562e16646be4dde9b563f780a85a9ee60eccdeeecc90c35a826c9ffb98a3ca8bcc75b986b07
SERVER_HANDSHAKE_TRAFFIC_SECRET 00ba676c90be209aba578a9c57de16d52bd0c74c6b4d500c644b69aa5cc40657 c42a0d9e9ad1ca4cd613ef4f6bd5ffb8e7c5e1040b96f98ff1eb1504cebcbf3cc8feffcacc284beb8ce4c8805fdf4626
CLIENT_TRAFFIC_SECRET_0 068b18de03bb1f2c9a84aaa3410243dbdad8e67b4ee436bca6616e7266e45842 de3f31cc6889d784e7158543bb4f4c9d750344057c16d9150d2110b530bf54375f5e1f0a77a7a0929a57d1a78466dfee
SERVER_TRAFFIC_SECRET_0 068b18de03bb1f2c9a84aaa3410243dbdad8e67b4ee436bca6616e7266e45842 62732267ccf7e094f977141bd6fda81168bcfef918d3a7e57a3934d19eb65e7be06d53e87b9a34ea1ecaf907bc0e5bf4
EXPORTER_SECRET 068b18de03bb1f2c9a84aaa3410243dbdad8e67b4ee436bca6616e7266e45842 e8fded82ea35f8d0c5b122d577c9c9efa997112cee898aa9a2e30af9d2bd054cbd80aab7cbb5f6c4d3ffcb75c4240f3f
CLIENT_TRAFFIC_SECRET_0 00ba676c90be209aba578a9c57de16d52bd0c74c6b4d500c644b69aa5cc40657 786a2857938b3cd7d34f533dd2bade1efd422d37a7cfe1a9e7b216ad93debf9876e8d6c34b59644e3984011928f21a87
SERVER_TRAFFIC_SECRET_0 00ba676c90be209aba578a9c57de16d52bd0c74c6b4d500c644b69aa5cc40657 e50496e2d8e0e26833f62aa0cb601efd56bca1afba51c0c88588c1d44bd3958ecb914ed08882def21663141781c2b375
EXPORTER_SECRET 00ba676c90be209aba578a9c57de16d52bd0c74c6b4d500c644b69aa5cc40657 46b39d9162a11e1191ea22fee0e3a23039954aabf8cd7f03abc5a4d1b6daf0e83ee70521292aaf136227e91dc4f0cfc1
CLIENT_HANDSHAKE_TRAFFIC_SECRET d491b705adcc26d12e8c91014cd3ee99bc41452b3f77de08518b318deadb2c77 55b04be59911a9c9a15671a549906f0cce56f4a7edfade7d1609b3cb1e1c0de5a4bed943f8f8545bde84bd879d4bad75
SERVER_HANDSHAKE_TRAFFIC_SECRET d491b705adcc26d12e8c91014cd3ee99bc41452b3f77de08518b318deadb2c77 c3306997da4d9328c074776d589299d494b3ea93f7bf1e540bdd0edc93f9e71fabbbf035e3fd51f0bf3030e21a1babe0
CLIENT_TRAFFIC_SECRET_0 d491b705adcc26d12e8c91014cd3ee99bc41452b3f77de08518b318deadb2c77 1ed1328450b56008bf4c7715d513ae481966dade290fa26354cc0a04489b002e117744833e40ce491ba2d1d79c3c0868
SERVER_TRAFFIC_SECRET_0 d491b705adcc26d12e8c91014cd3ee99bc41452b3f77de08518b318deadb2c77 c3126e8d4d669431aabe00ca3f95f9d76105a2cc1ff0905535f68e12a1663ec14033face32f796912d169344fe80701b
EXPORTER_SECRET d491b705adcc26d12e8c91014cd3ee99bc41452b3f77de08518b318deadb2c77 6f138ed527f935f3e0fe54a5dd96131195cb0145990ffaf4c9e6ec38c9f9e8b957f7ce38cc0d4a8a3b275c8ec6b76bc5
CLIENT_RANDOM c2b8bf730af8742911bfb8ee6464ad4f273c0eef0713936c7832d95c290f0e43 e9b05832f28cae8646ce1cd2d511e74753b2b8fcfe05f2899f350625ffe3c8f3ee6d40fcdb9dffd8c4b9ca6214037b20
CLIENT_HANDSHAKE_TRAFFIC_SECRET 4dd485bd4997278600b1bf07264e0a71db859be27346ebbe8c2d4e882283470b fa3fb3482c1cd7ba1dcc4828ac10d90519b80a7744221be9a55cd326ecdfad7198dcac1f4b7ec8bf2fabbfe8d8bb17c6
SERVER_HANDSHAKE_TRAFFIC_SECRET 4dd485bd4997278600b1bf07264e0a71db859be27346ebbe8c2d4e882283470b 3e8a2b9bdef4ff91d34af1ec8defc652e219a3415588c005948c231d147a5d44d98071e84e38ff49ed53696b8025a299
CLIENT_TRAFFIC_SECRET_0 4dd485bd4997278600b1bf07264e0a71db859be27346ebbe8c2d4e882283470b 8cdfe559f8d6ffe697d182b04ab14ff1b0a61e718db4d77172ea5b4809eb40b74f10a8e05446bc2e9d609e09e6a17fbe
SERVER_TRAFFIC_SECRET_0 4dd485bd4997278600b1bf07264e0a71db859be27346ebbe8c2d4e882283470b f63e9543acc41275439598bef3c2c8de35989a1725eae849f2c79d4013e57b670f2b97a105d248a323262a3e681ecc8f
EXPORTER_SECRET 4dd485bd4997278600b1bf07264e0a71db859be27346ebbe8c2d4e882283470b 8695084ef1d5352f859ab987469ee3b5acc2aa920b6cb740d293df2c2be5259955a555e33a9c369aa33e247765eac879
CLIENT_RANDOM 73567d4b8a64256fb2632fae919187784dca1100fc6e3b99006268613e5e81b7 ca9d080f19c97da75963538ecd13b9a58eb495e0b3aed87bab2395d41ae049aa941ba5ce30a3d6eca1590731fee25ee6
CLIENT_HANDSHAKE_TRAFFIC_SECRET e1e3eba6fa71baecb42f816ffcaece1f12482018eda4cc82246f86819f0f5695 b5549106d2ff1e51b7bf2d0fb374a78332a302b3baa8752612ed561f28d4ade088b61a9fae234abeaffdd5a21b49d83a
SERVER_HANDSHAKE_TRAFFIC_SECRET e1e3eba6fa71baecb42f816ffcaece1f12482018eda4cc82246f86819f0f5695 556a5ec7fa172db39292c5e5e59b15bac2ff533e723c512faa959c30f13f34feebd52ec30be1ae2132ca05fab6c705f2
CLIENT_HANDSHAKE_TRAFFIC_SECRET 0585b2d2bfd86e21838f272e9b1b11da92d45d33bab0d4f245e21eba44a0ab57 ea67c123c383ea542e41071fbd740b65889ea09ba94dd8a1c5757aa4c6375606fbac38ae0252d70f2265c33f6d3c998f
SERVER_HANDSHAKE_TRAFFIC_SECRET 0585b2d2bfd86e21838f272e9b1b11da92d45d33bab0d4f245e21eba44a0ab57 31d2f704b2162e81b6d90434123c375885840cd1838ce8c7fb21a84e7a0ef11c5a6057a6e88ad2aa7e2103d866cdcccd
CLIENT_HANDSHAKE_TRAFFIC_SECRET a27f6c67dfe7465156af43baa4ad56fd42142b0e2b633bb262e74b5da8fcfc00 ed6c07801c977a0ba7b77b9c6d0eaa08dc299baee1cf7a2aac90501fc859fb8b5c056336f39501a9f324d002033cd268
SERVER_HANDSHAKE_TRAFFIC_SECRET a27f6c67dfe7465156af43baa4ad56fd42142b0e2b633bb262e74b5da8fcfc00 5b99664822ab8a97066be2cc1aedb574627c6dea708cf4d3912988bceaec8c8b9429fdfef7c42185342abf4664d06bb2
CLIENT_HANDSHAKE_TRAFFIC_SECRET 0ebb5a92b61cb4fad7c02e9a9937b33afd827cf4a8ed1c76e1dbe273800de398 bfc00ff5474b38e49ab13dd8a678c4833206999a85b37dc9dadb807fa3393216bfb0d78a578ae1e05f187d619659deb1
SERVER_HANDSHAKE_TRAFFIC_SECRET 0ebb5a92b61cb4fad7c02e9a9937b33afd827cf4a8ed1c76e1dbe273800de398 ef8aecc0b88a6877b2cae3739f71214f13c4e83b7e9470dadae4ce67abd73cd99fb8842e97eaa4e506a28509e08dd685
CLIENT_HANDSHAKE_TRAFFIC_SECRET 2d4710242b0828d049b0d871e55614e45f74802a1d0b345215bc6a99d524043b 3b69317cf8ceca2934c784396abbc325b56e3e8b0b83b51d137436f241f6e1bea91e924993ae4af39a4bf35c54a86cd5
SERVER_HANDSHAKE_TRAFFIC_SECRET 2d4710242b0828d049b0d871e55614e45f74802a1d0b345215bc6a99d524043b 007173ee9dda11e2402d04d4874ab593063dc2fa8ae8648e4acf51bff143b68b33f4c75ae47b36215d67aafecd725c50
CLIENT_TRAFFIC_SECRET_0 0585b2d2bfd86e21838f272e9b1b11da92d45d33bab0d4f245e21eba44a0ab57 c48fa087f8394478c51ee71e5b885b773272e95ccc1568dd6af3468a48ac7a3f1ce68e7625d53efc201c6bd57cc2571c
SERVER_TRAFFIC_SECRET_0 0585b2d2bfd86e21838f272e9b1b11da92d45d33bab0d4f245e21eba44a0ab57 49b844d20aa190b01aab26ce336a2026b6313e85addea993680987a57cdcc3058b2684668cd6354a89c3be9534039f00
EXPORTER_SECRET 0585b2d2bfd86e21838f272e9b1b11da92d45d33bab0d4f245e21eba44a0ab57 8c8d47b188077792c49c65614b3e0da7954ce1363e584deeb5b9d1e2f58a7ea9e0bb0c8a633a620e1999917c50abd209
CLIENT_TRAFFIC_SECRET_0 e1e3eba6fa71baecb42f816ffcaece1f12482018eda4cc82246f86819f0f5695 3e8f63b3e8d28eb4cac45a877c5c71fb7181ff1cc095f38ee703c95a73cb00ad5b0a50936994a40b73489a8cc62e1da3
SERVER_TRAFFIC_SECRET_0 e1e3eba6fa71baecb42f816ffcaece1f12482018eda4cc82246f86819f0f5695 6abb9e118b4e8f82a5b9b5110917bf63d5fc7d8322902263ea0f7f39a3ac1d5f9a0b293196217787fa597f691aa5e728
EXPORTER_SECRET e1e3eba6fa71baecb42f816ffcaece1f12482018eda4cc82246f86819f0f5695 de83e57d32064b5503d062c3946b675e1a32ee33999111d3763044adb827fdf1b4558de1fcde4b1463d4c8ebe3831a4f
CLIENT_TRAFFIC_SECRET_0 a27f6c67dfe7465156af43baa4ad56fd42142b0e2b633bb262e74b5da8fcfc00 fbfd559a2de8db9de6ee6582a68f4327d49b48b313b232cd4d86bd56596445d0f966a761f1bf25bc128a6c99f2e65be7
SERVER_TRAFFIC_SECRET_0 a27f6c67dfe7465156af43baa4ad56fd42142b0e2b633bb262e74b5da8fcfc00 4d2e642d4b368aec056b74198fd86ceb87707c8f8576718da59f4d98f49cde2075fd6ff6beccb2ddd30978be4070e6d8
EXPORTER_SECRET a27f6c67dfe7465156af43baa4ad56fd42142b0e2b633bb262e74b5da8fcfc00 943dad929425439fb71592935aaf0f46df44bfe9fecd446beada9c5cb247270dab969ae95fdb2f9cd752730f661d1a6a
CLIENT_TRAFFIC_SECRET_0 0ebb5a92b61cb4fad7c02e9a9937b33afd827cf4a8ed1c76e1dbe273800de398 fd541b6259888e182f212c103ce666de35f125a343a0fe68a06f4b16495f69f6a64eab9ce580e424eecd13a69d8a8153
SERVER_TRAFFIC_SECRET_0 0ebb5a92b61cb4fad7c02e9a9937b33afd827cf4a8ed1c76e1dbe273800de398 b98ac56b59973e4547462d3a39affe1fa985684aff125862683654b5ffcba527ca580210ed1e44a714069b0398d56ffc
EXPORTER_SECRET 0ebb5a92b61cb4fad7c02e9a9937b33afd827cf4a8ed1c76e1dbe273800de398 d037928c81f66be25bb5318fb0d6c20cb78530243a42189ea1c4404a3bb6eb4e3c3f0f2c7f7d3adb9cbfdd6f07fae029
CLIENT_TRAFFIC_SECRET_0 2d4710242b0828d049b0d871e55614e45f74802a1d0b345215bc6a99d524043b bb02fbb610ee01572a86876a4c1c7a2bd23099a45b66fe07f7dcbff64d0a3032a0f2858595a52e7d4ba6aba123632449
SERVER_TRAFFIC_SECRET_0 2d4710242b0828d049b0d871e55614e45f74802a1d0b345215bc6a99d524043b f94bccf31a2f4c0ccffa7c017347965fee25c79a32cea65cd76e52d9da516288acb2a2f4c61af6c5f603e36fe5deada1
EXPORTER_SECRET 2d4710242b0828d049b0d871e55614e45f74802a1d0b345215bc6a99d524043b 75c889dab46616d781acb7fc40fb3f6c6f6ac59a29adeb20607fdb7e61b98917b56393cf792dfc3401f539d778697521
CLIENT_HANDSHAKE_TRAFFIC_SECRET 4b5a161879a9ad00d8fb1f6169fbd2d1592befabf4e72628506dc795963f983b 35ff79bdd1751a3614121516763005fa48921237b0515d08fa86ea7e67f4e691c92027b01f2d00ea4d0c716e0ee6c5d0
SERVER_HANDSHAKE_TRAFFIC_SECRET 4b5a161879a9ad00d8fb1f6169fbd2d1592befabf4e72628506dc795963f983b c15a0454002c368194ed7d88030bbf639276b7fc8cbd7e1ba7035686f708cb727603277e246dd947dc49f3bbdabb9abf
CLIENT_TRAFFIC_SECRET_0 4b5a161879a9ad00d8fb1f6169fbd2d1592befabf4e72628506dc795963f983b a3b911e527adcce202f6d479a242ae58d98f96d98573743783db880ff737143173c40c47713ffd1191ec7a9ac77ac7d4
SERVER_TRAFFIC_SECRET_0 4b5a161879a9ad00d8fb1f6169fbd2d1592befabf4e72628506dc795963f983b 8e1f22289f5d698819d0837e9119111d2afaddc21572b304e796d8a21d728c5920b2c7aca6ac2115390678947ae3e39b
EXPORTER_SECRET 4b5a161879a9ad00d8fb1f6169fbd2d1592befabf4e72628506dc795963f983b b643a89f53ff980f23f1dc465511414914a653c58dc2e34f5642baf853e680765b5963027d6989c79036d5eb52c26a25
CLIENT_RANDOM 5d3d3e6c04b4aeacb687bedf0a98d8605eb4ca161f30f9fcd5a804a88e5aa557 5872fbc1fe57a5659f45232af48f370ab90da7d7db5b40e90f11583134b6d68e7d6ed3bab0c8f4fec6e483a70c1a323f
CLIENT_RANDOM 900f456a8e21f5503a8efcafc8231a4bb5cde76cb49835aaaee252deccb6f544 42a4fa425edffd0002b8efaea5748159c1124fa8f1592f746776e6a3a05235425ec2da92fbe6aa19b7dee556d95cfcc0
CLIENT_RANDOM 00fe8890111c40440cf8bf9d1fbdeb4b798acb5acaed8794d523884c6b384fba ba5c3cc873886beaa971846e960f6992e32bba76a8e7b9d4302587556fe81876fc9ead1a0e700b16083b1f7e4480a748
CLIENT_HANDSHAKE_TRAFFIC_SECRET 23af2aa6a101bf2aa16a83405e2dec5da82d8ac4a5f02cd0359c3b3ad4696b3e 2faf2172c08f12220f90e95f11b35697dd1a439bf5aaa47c14b11c6b77dcff9a7f4fd7931f8897cf2ba9f6f885ef12e3
SERVER_HANDSHAKE_TRAFFIC_SECRET 23af2aa6a101bf2aa16a83405e2dec5da82d8ac4a5f02cd0359c3b3ad4696b3e 96124bb0e54f95f6ee2df68442d0552a2f17b84b0871ae3dd77a065207913479b71b017a4e70f21eadaed954f9d245a5
CLIENT_TRAFFIC_SECRET_0 23af2aa6a101bf2aa16a83405e2dec5da82d8ac4a5f02cd0359c3b3ad4696b3e 9bea58f26b67784064a7d67b2235d3171523ca86e052450f0e691c1371f7de84d24df350649d4d29115b5ed9125bd216
SERVER_TRAFFIC_SECRET_0 23af2aa6a101bf2aa16a83405e2dec5da82d8ac4a5f02cd0359c3b3ad4696b3e 3d2f8d8fa0a6e423e098d3642ffede2732c60ce6d1a7be66b27eb91e06fba4f5054f33e910f1a3b67d7fca5ade30feec
EXPORTER_SECRET 23af2aa6a101bf2aa16a83405e2dec5da82d8ac4a5f02cd0359c3b3ad4696b3e 5bbf2c57f9906589cc0ec9ff91243c23db57f92daadada947a9b14bea873717161ad857b2d1dbb6d777bfafc5aef7ccd
CLIENT_HANDSHAKE_TRAFFIC_SECRET fab3f244ab731be8fabd80c2fb6b8ec27fbb6debaab25749dc586b2238b57596 803723ac7dd735f405f8a83457ff82004fea740d4495aa685082d566810b4342b3d45517496026ed2634c33453457e0d
SERVER_HANDSHAKE_TRAFFIC_SECRET fab3f244ab731be8fabd80c2fb6b8ec27fbb6debaab25749dc586b2238b57596 472bdabcfb391a2f93f2c456067aaff1ea4197556a2ddf99c61d869eab92fdae045b620590a32bbecd8bfa4e5d48cbe9
CLIENT_TRAFFIC_SECRET_0 fab3f244ab731be8fabd80c2fb6b8ec27fbb6debaab25749dc586b2238b57596 dff159b4421174259bc65b846db34bc6587eae27d70476dfec78ec79b3969705c91db148eb623fa95bf7b7b73ebed427
SERVER_TRAFFIC_SECRET_0 fab3f244ab731be8fabd80c2fb6b8ec27fbb6debaab25749dc586b2238b57596 abe204cd1ee72b919e16d45fcc989f77eb53af611fdde80e6b49309a5b0ec2acbf4d378166eaa32d51c7e51f8a4876e7
EXPORTER_SECRET fab3f244ab731be8fabd80c2fb6b8ec27fbb6debaab25749dc586b2238b57596 e9e73b2ed06f6360bd9b093214ace39e9b0f3e1e6e00a6d5dcfa650cfe5b32bed39598ba998577256ec3852da12cc6ee
CLIENT_RANDOM 621e66deabd9d79731b3ce896b2269c56bd45ddf38c848c159d15d84f5542442 9d405f4102f8a14faf78cb9ca3c020f49fca9799beff2a84b222219fff56292efe59cead4b9dbc664cc0431cd921186b
CLIENT_HANDSHAKE_TRAFFIC_SECRET b536776987fad7536fd49b371069d5091fa14978b9e4c4a079ccd94e324dad35 def6efcf616127530340ee31294f6e00e863bec8cfb215958951f5d3bb5736d1961f2ba937324350b4a564d5e1888a37
SERVER_HANDSHAKE_TRAFFIC_SECRET b536776987fad7536fd49b371069d5091fa14978b9e4c4a079ccd94e324dad35 c03eb6e695e583ad0ee46d11f7943b3ae2c67e82d135de1d0ad3c2ef485d21007a68bae8ba6722180fc943d98318a3ef
CLIENT_TRAFFIC_SECRET_0 b536776987fad7536fd49b371069d5091fa14978b9e4c4a079ccd94e324dad35 a3cb27ed6c3cde9f9890c7cf484fa97a615d32b43d105b243023c22a64963d326daf4e8dd65902ca3cd88bf1d5dda13a
SERVER_TRAFFIC_SECRET_0 b536776987fad7536fd49b371069d5091fa14978b9e4c4a079ccd94e324dad35 b9775f9305fd31f774e703e8c2f5b0a10927e25ef24a7fc9012df79651b99b545964c99d1a60785c16dae6c9e760b510
EXPORTER_SECRET b536776987fad7536fd49b371069d5091fa14978b9e4c4a079ccd94e324dad35 a001de92244d7628413f368a3e0d704ca8dd6e9520760e8ead77c43c25056bae9c00632e425df5941f0d6779114dabc0
CLIENT_HANDSHAKE_TRAFFIC_SECRET 4b468b51d699d6f07bda0f7d56972d9cd4e02a4a9340580463ccd62bd37efe32 7e4d117ccde0d8c4674d3837aa3fc0c4b7e2b470747e948e2b6ec3d27fdb74ca3251bd213083f9f6bad43a1828530453
SERVER_HANDSHAKE_TRAFFIC_SECRET 4b468b51d699d6f07bda0f7d56972d9cd4e02a4a9340580463ccd62bd37efe32 9c9e432de6620b0eeec15f533bde888f5751cee603579dd5513484174dd468b426d9d354109fea30d2c66444ea3dfa88
CLIENT_TRAFFIC_SECRET_0 4b468b51d699d6f07bda0f7d56972d9cd4e02a4a9340580463ccd62bd37efe32 7fb095d4ca2fbdf499a5e6e38fa55990b14dd1d6d1e316f1bee2d0cc22a337fc9fcf6a427ec55035688c547a33bc639d
SERVER_TRAFFIC_SECRET_0 4b468b51d699d6f07bda0f7d56972d9cd4e02a4a9340580463ccd62bd37efe32 f5ebc8becb31eb283ad796ed9f60191cd5faa8c41ffc07e382f8c4ac7d6241377580aafe9e5c37bbf75442ee5c0a4cbc
EXPORTER_SECRET 4b468b51d699d6f07bda0f7d56972d9cd4e02a4a9340580463ccd62bd37efe32 61cdbdac0aa784c3a92114a06eece5cf4159da0e71396fca7ebcbe29705fdc2900ec4251837d14e74aa88d8288e533e8
CLIENT_RANDOM 5e1f6ab9457466187abf10ae19a792c483cf19d70ad9728726e20f00b168d6ac 762197a78b7103d15baf563595cbdc058916e15f6eadb0d90b0b417518da3e28abd914b989f8cdc38ff73e897b04df7c
CLIENT_HANDSHAKE_TRAFFIC_SECRET 1ee66629b3152a8c1842aad3e5a7750993e1472ad72d88b949a37ab147f72464 b7785576fae2b71d2af741da0ff941083de3ed907df3a8f3a249de3a4d9b7209b3347eccbe1ccf1ce7ee48ad6e7981f9
SERVER_HANDSHAKE_TRAFFIC_SECRET 1ee66629b3152a8c1842aad3e5a7750993e1472ad72d88b949a37ab147f72464 45c34d1207e359f68ea8fa116885321129b1af2568957710ba4197820e42305cc88d96e052325c5612d378728ce98703
CLIENT_TRAFFIC_SECRET_0 1ee66629b3152a8c1842aad3e5a7750993e1472ad72d88b949a37ab147f72464 0150f66fef8be082122e904ad22e03196a58d276d5be41ebf2bc09b572ee595490efb1d877ac05ae2e227c76551a4329
SERVER_TRAFFIC_SECRET_0 1ee66629b3152a8c1842aad3e5a7750993e1472ad72d88b949a37ab147f72464 189bf7d54cb62299df0a161cedec6047cfb1e059902014f2901544e76697e36b42d05e68da5f0c901345768a22fe3387
EXPORTER_SECRET 1ee66629b3152a8c1842aad3e5a7750993e1472ad72d88b949a37ab147f72464 4691c2fc07e2d6d5a02863446f381ec1ddbf74a6bff8592121a012bb8c5c64a786e49ac18f8cfa3969af99f8530cdd7a
CLIENT_HANDSHAKE_TRAFFIC_SECRET 91dd4c066aa488ea1601df58c279c129049749cf9bcf4400e7d9c2ffbc73dece 6f439acef401e7068ad59afedf1b2f275f5af7f7eb7696781008d23a714e83b8a36cb5e722d7b665424a21f8ad389dd9
SERVER_HANDSHAKE_TRAFFIC_SECRET 91dd4c066aa488ea1601df58c279c129049749cf9bcf4400e7d9c2ffbc73dece b7166f8102595593c67fa751d7a79a33c5ebc85b630ab9f49ccccb2f37b4e1349be0ff47adb0faeaed12e45f67caf53a
CLIENT_HANDSHAKE_TRAFFIC_SECRET 9a4e14c731e0e4eb4b946751969db6d3293f2f78675622701ab013ebb6b19c5e 22f0dfe04378c6c87e3b1c900cbd3451491c305657a9da164ff20242ebb75a8a338f3a467e95f2605c7e88d78078bbe3
SERVER_HANDSHAKE_TRAFFIC_SECRET 9a4e14c731e0e4eb4b946751969db6d3293f2f78675622701ab013ebb6b19c5e 724286d6a48c880bf7a00f6a1949d2292da8ace47375e2295c2da16838dcae581e403201aa18bc0d70466f1c540cbf3c
CLIENT_HANDSHAKE_TRAFFIC_SECRET b4cba806a6210ab12210a5a1cc8d1ca4b13f3349f03347e7ccb8be847d0749f4 d616d811d0ba4e71bd8c604d547626b5263d7143031a85d60cc07a7d80102b60e3778bb14bd8554b767357fd7f49a443
SERVER_HANDSHAKE_TRAFFIC_SECRET b4cba806a6210ab12210a5a1cc8d1ca4b13f3349f03347e7ccb8be847d0749f4 3071fc1b6a5fd0658307ecb7200cf77a7c7876866ecf35a5acf3475364078c45927c152e984e9f1efaf1752fc69ae55c
CLIENT_TRAFFIC_SECRET_0 9a4e14c731e0e4eb4b946751969db6d3293f2f78675622701ab013ebb6b19c5e 54477ee4b8d836292dfabf78755b59bebb961f627eb0a39531fab799199ed3e656353fc29dc0ba44b326de04140b3790
SERVER_TRAFFIC_SECRET_0 9a4e14c731e0e4eb4b946751969db6d3293f2f78675622701ab013ebb6b19c5e 15b298280a45f41359164d76ef92a7dfa9936dcd43c63cd62a940831e7df0aaf6097e8d3ccb03c2dcfd20741c91f5eeb
EXPORTER_SECRET 9a4e14c731e0e4eb4b946751969db6d3293f2f78675622701ab013ebb6b19c5e d1ab70a9b6a932bdc2e43014eeb42a59a8b6451114c9e9ad3f78fcdd447c5a7946cfb17e93eb54e50caa08cca74257b0
CLIENT_HANDSHAKE_TRAFFIC_SECRET 3e6797f1269a357294d36adaf01e86a13b27ddd5abe603c8bf0d5b289d29ba64 be19c5ec3dc138276a48f9b1a8c9648c3efb62cc1376d6ff3b33ae9a85950dd106770087129a1c9656f455f57f401c0a
SERVER_HANDSHAKE_TRAFFIC_SECRET 3e6797f1269a357294d36adaf01e86a13b27ddd5abe603c8bf0d5b289d29ba64 e9caa74032d81a99ff4b65ee129236c07e80706f0b5eafa433bcf092ecfbe89e01925d66ea4ea3d4cb60388a592b2d29
CLIENT_HANDSHAKE_TRAFFIC_SECRET 4db396a70fff8eed135ab6c677c5740c601cf2bc82d5a0940eea92e315db16b4 ce542cdef57bd374ff2c4cc7a6123d7dbcbe753ec349dc17f71c5d2ec54d3edbe39426b5f9ad574d9d2c7b1725ae96e6
SERVER_HANDSHAKE_TRAFFIC_SECRET 4db396a70fff8eed135ab6c677c5740c601cf2bc82d5a0940eea92e315db16b4 30111f18ce17605d9b0feb7625ab1a71030f47fb1979af63f683f7fedb1d7241c2992dcad94a22f8a73a37cbb4c40dd2
CLIENT_TRAFFIC_SECRET_0 91dd4c066aa488ea1601df58c279c129049749cf9bcf4400e7d9c2ffbc73dece 1733896d3701fc9d08f361d644ffbd65c29aa58cfc7b36897ae9a26dc97960e934818fd0f4b9f20e4b5e06eb8d617ed4
SERVER_TRAFFIC_SECRET_0 91dd4c066aa488ea1601df58c279c129049749cf9bcf4400e7d9c2ffbc73dece a214b80f385a2945dc5684af6098f4aa56bebf9910f2f8b5fcfb4cd6946cb910573f2647ac70f00bd33b4832a3f1c332
EXPORTER_SECRET 91dd4c066aa488ea1601df58c279c129049749cf9bcf4400e7d9c2ffbc73dece e4bf12a7c76bab4fbbfe20306fc70355fc2b137af6a3d2a9caf744e360f3f49168b62be4b2856e46b7079eadce654371
CLIENT_TRAFFIC_SECRET_0 b4cba806a6210ab12210a5a1cc8d1ca4b13f3349f03347e7ccb8be847d0749f4 5f6079ae5282583bbcd0d6637b583cdbfeb0478ded884b5b6a03350994aba1b063d7c87302c08f1de45c218322440a07
SERVER_TRAFFIC_SECRET_0 b4cba806a6210ab12210a5a1cc8d1ca4b13f3349f03347e7ccb8be847d0749f4 e2097d79f65cb7a0d160a755bb611f233077d697b9a24a4423125c929e3e86949bc645f33c56efae3c9372d0c2f9619a
EXPORTER_SECRET b4cba806a6210ab12210a5a1cc8d1ca4b13f3349f03347e7ccb8be847d0749f4 3a7e6ff770b1c3dfd1e5567275f7c31e41b858fe555796f520fb1dcbac6b9bd47c070eb2f69eca99a3cb389c400bcb9d
CLIENT_TRAFFIC_SECRET_0 4db396a70fff8eed135ab6c677c5740c601cf2bc82d5a0940eea92e315db16b4 5c1aca0ef641f72bca774842d23909301a7771bc57f362c5589ccfb8547c83571a0cdf303026b954357aa34089953d7a
SERVER_TRAFFIC_SECRET_0 4db396a70fff8eed135ab6c677c5740c601cf2bc82d5a0940eea92e315db16b4 bf573b4dc6853520048160742e3d8227fb94c8a67d6582f81c6562e2291e57a10ff4ddd7b739618b467572b3a214c38d
EXPORTER_SECRET 4db396a70fff8eed135ab6c677c5740c601cf2bc82d5a0940eea92e315db16b4 255d9c639916565c187b58195f51ad97580ac4991303cc120533e0e49e2ff49d655628576e301d2b9ea144b409626eeb
CLIENT_TRAFFIC_SECRET_0 3e6797f1269a357294d36adaf01e86a13b27ddd5abe603c8bf0d5b289d29ba64 6c1bdf3a6a6df1718a217da63e350b5b4f70aaa44fb87549ff734deaead94d1bdf7dbb3fa9cc87e7134bd6eff8b5f6c4
SERVER_TRAFFIC_SECRET_0 3e6797f1269a357294d36adaf01e86a13b27ddd5abe603c8bf0d5b289d29ba64 7aceb109d91bdfe0881496cad6834d07516af2cee83d59c6ddc613df9d0c769788974897d42694c785b98a53b87c653a
EXPORTER_SECRET 3e6797f1269a357294d36adaf01e86a13b27ddd5abe603c8bf0d5b289d29ba64 5f76bbbb01059fb7c208164744c9c72e032e13f57872724dae2c6bf470f4b674487ac0a55ddaeb8c73d621f4a030e9a1
CLIENT_HANDSHAKE_TRAFFIC_SECRET 3733e3855a958a97d9a19c66866cef3908e94433f07ae0c127513948f59e1602 ce6d03a646a2c7e318d6547d51f21fd63b8760214c87084a7f535767f3d09c001e7f587346ec4854b7b7edb428590e42
SERVER_HANDSHAKE_TRAFFIC_SECRET 3733e3855a958a97d9a19c66866cef3908e94433f07ae0c127513948f59e1602 b1250a6f354c6a9ef13195f42120fcbc582a0e01faa2c35eb15fc4f1b392cb8134efea9fcd07e30f29e8f5db5d7cf81f
CLIENT_TRAFFIC_SECRET_0 3733e3855a958a97d9a19c66866cef3908e94433f07ae0c127513948f59e1602 87776a4191220c20df906f4a3c987b3aed33b7ac7337881e00925379773bb68c3e6dfd5abc7fd29fe8207f24307241f1
SERVER_TRAFFIC_SECRET_0 3733e3855a958a97d9a19c66866cef3908e94433f07ae0c127513948f59e1602 fea8c4470630a6cf5bfa4708f19eef99fab0a452e6946a08c95c41e4452fcf7f1dde994c33e6ad7c045fbe787e813b11
EXPORTER_SECRET 3733e3855a958a97d9a19c66866cef3908e94433f07ae0c127513948f59e1602 2a92d7b4ea2de6c38fd5829c7b60862122b8c4e609c508abd5a2b2ea6fea3e2f6ae3b9dfca3aa458758318c0241d282b
CLIENT_HANDSHAKE_TRAFFIC_SECRET 0fab55c54cbb33731946db72ba6c5c5d5b65d0fad277236ee280bea6e99e5f3d 156c03abde988017a5cb0e2b16b17a13eb878963b1a6e5ce9616a6e900c6fea34b864362ca60bde0bdbd454b641e7010
SERVER_HANDSHAKE_TRAFFIC_SECRET 0fab55c54cbb33731946db72ba6c5c5d5b65d0fad277236ee280bea6e99e5f3d 6a76c9a19ed572fb202e3b89b0a4d1200f9288b92fffec92feb6d9d02758d18024f8ae658c01cfb04cc26041b4f33ce8
CLIENT_TRAFFIC_SECRET_0 0fab55c54cbb33731946db72ba6c5c5d5b65d0fad277236ee280bea6e99e5f3d d37f7b0b6658a2087129f93cd94d5ccc355e3e54f03ebab590c32a642a09f108cb548b905e6b776ed64ef27aebe82b94
SERVER_TRAFFIC_SECRET_0 0fab55c54cbb33731946db72ba6c5c5d5b65d0fad277236ee280bea6e99e5f3d 1a5ade4cffaf23625acc2722b3575abdeae8f7da3698e737ccc638505bf9fb77733469d9a7a2697dbfb97aa5592d85a2
EXPORTER_SECRET 0fab55c54cbb33731946db72ba6c5c5d5b65d0fad277236ee280bea6e99e5f3d 9d12d671a4570893ada0e31349f7f60253e7848de3dd26dbdd5a335bd54fe23164a042e0f61ef125593adf86fec4ae69
CLIENT_HANDSHAKE_TRAFFIC_SECRET f1f5656e172ff97c47a7009c3a1cef989adb5bdef8f3aaae42d144efd5b279e3 0c37174bee24a5264181af4f0513a5bf92758b84d54849513ddafe14e032667f05e5b42bb7c2b23198f28f4c0aa5d460
SERVER_HANDSHAKE_TRAFFIC_SECRET f1f5656e172ff97c47a7009c3a1cef989adb5bdef8f3aaae42d144efd5b279e3 16b35b2fd614e10658f25949d2f5e1b7cf8e31f789453ffcd33373e860113862acd9c0527491642290eb249f22d563de
CLIENT_TRAFFIC_SECRET_0 f1f5656e172ff97c47a7009c3a1cef989adb5bdef8f3aaae42d144efd5b279e3 f9a04a44a69adbcdaa6897bcf7bf8a26a5b92cb43e267cdd761823951b949ce6018ebc4c559bc7527f8e784478e3a728
SERVER_TRAFFIC_SECRET_0 f1f5656e172ff97c47a7009c3a1cef989adb5bdef8f3aaae42d144efd5b279e3 31f554ab43c8a16cb2acd85be731ec10e7119da33f0823a02e458b89ec94f4da45de7e0ebc02b86f87eaed34d75134e6
EXPORTER_SECRET f1f5656e172ff97c47a7009c3a1cef989adb5bdef8f3aaae42d144efd5b279e3 a535558cb80cb6cfced84fee3d65ddc2ba22a16f9911d3138969c74246e8416229464deb83b68b474136729e543ca6bf
CLIENT_HANDSHAKE_TRAFFIC_SECRET 45f5525504fefe32d4a2eba6e1765f6a7c3e9449ac2e605746f3cf65ce322c97 84efd84d50a38edd54878e0db2ea7c23fdcb49c6cccc761bf0ce3a5be4a6604886e2b2311ec594f59f09787b3325eb96
SERVER_HANDSHAKE_TRAFFIC_SECRET 45f5525504fefe32d4a2eba6e1765f6a7c3e9449ac2e605746f3cf65ce322c97 2633f6df16d6c04802536db6ef0ab9cc815521327b323bd7168160dbf403ab6d78e9df788d7536251e76e2c57a510cf5
CLIENT_TRAFFIC_SECRET_0 45f5525504fefe32d4a2eba6e1765f6a7c3e9449ac2e605746f3cf65ce322c97 2d39b65fd4ff0aaec7f283b422a6801346c0433aafedd822946f69c1239239bc3adef411fbe42272d3f57bf955896056
SERVER_TRAFFIC_SECRET_0 45f5525504fefe32d4a2eba6e1765f6a7c3e9449ac2e605746f3cf65ce322c97 a4d896dec50f6d9451af2debcfde01827137ecf25767777abaeee2b48bf809515fed47576701cf6ea67a1a4a87736b35
EXPORTER_SECRET 45f5525504fefe32d4a2eba6e1765f6a7c3e9449ac2e605746f3cf65ce322c97 da12115d7d04b8805bb398a78d6e502d3e81d9da03f7b3386ec367b74e4030baa064fd60ec65a21ad2d19002569a120f
CLIENT_HANDSHAKE_TRAFFIC_SECRET 753f9893095d215d98d6406b2e56631da579f1a4ef1f7cc8c06d70ec27fae30c 20eada1345086b67cce721652e20fcd5458d47b9d7618b97fb3211d2a43c0a365b478b40d39e9797e11ca28d1175266c
SERVER_HANDSHAKE_TRAFFIC_SECRET 753f9893095d215d98d6406b2e56631da579f1a4ef1f7cc8c06d70ec27fae30c b9f9be512c16fda3c79f08f37db0cb1beec5cf672b21767e07153071b40ad61468db7488a31c3de80aba9167ecd2043f
CLIENT_HANDSHAKE_TRAFFIC_SECRET 9f06935da15d71ec1bf1e34bfc966cf50fa571851166cabf246fc06a661e066c 0780305eed0981390616b95c6f4bd5e5757899997acc2e26e8308d6649cce4013ee25434673fc43275a47d4f148b8e8c
SERVER_HANDSHAKE_TRAFFIC_SECRET 9f06935da15d71ec1bf1e34bfc966cf50fa571851166cabf246fc06a661e066c eb12b8690cb6d6b9f19b35af4cb76d000bad4061438ee7c10bcd67f74dfcfa115d87398218fad07cdbae3c0c263cdef5
CLIENT_HANDSHAKE_TRAFFIC_SECRET 51dc297bae918200ffda1c1b45026eac9ac5478d5644dedc2d86cf157336f098 fb94404f22865fe20683097fe5d6989ad87861c0b7d56fca93c7fcf72d85f7f7b8a50aade9706752ba4d63a885535990
SERVER_HANDSHAKE_TRAFFIC_SECRET 51dc297bae918200ffda1c1b45026eac9ac5478d5644dedc2d86cf157336f098 9423d05c8f8e203b525129ac0554440a24fdb974e1ff3e5e1a0f47bf1e7b1263687e4a0145d1c5db7c5b8d4237badf60
CLIENT_TRAFFIC_SECRET_0 753f9893095d215d98d6406b2e56631da579f1a4ef1f7cc8c06d70ec27fae30c 644505ab427627c406615dcd140266a2b87d7e5771faf3eb69e3916fb3a76dd887826766da48c45f730f2c9c9b56adc3
SERVER_TRAFFIC_SECRET_0 753f9893095d215d98d6406b2e56631da579f1a4ef1f7cc8c06d70ec27fae30c c4f2cf73678219d85f6ba126a8e48602d26a1c6adb96198186766d8273dbffc041f6a62dce5f2dddd0a835e0c811971a
EXPORTER_SECRET 753f9893095d215d98d6406b2e56631da579f1a4ef1f7cc8c06d70ec27fae30c 16e14da8eb87ec0fb606e8bc5efdccefc34e29735b584623190665c180b7819345208250446718acbec6525f03f19fbf
CLIENT_TRAFFIC_SECRET_0 9f06935da15d71ec1bf1e34bfc966cf50fa571851166cabf246fc06a661e066c f667a7c2f2bdb987d4a138f56ec7bedd0744f68b396ced0b0aa3d07b3a98685514429341bec8771945d8bfaaad0376d1
SERVER_TRAFFIC_SECRET_0 9f06935da15d71ec1bf1e34bfc966cf50fa571851166cabf246fc06a661e066c b7565920a57bde3696676b8870d00ddd1b8b330f8097791af496e9290038320999efa1cef6ee15fa2108c203e5560240
EXPORTER_SECRET 9f06935da15d71ec1bf1e34bfc966cf50fa571851166cabf246fc06a661e066c 98d0869d47c2680334a243ab24ca2bc3d05f2f92198353c0dda9af0f2a7593b6e4a6831beea653a4f81847cb238d69c3
CLIENT_TRAFFIC_SECRET_0 51dc297bae918200ffda1c1b45026eac9ac5478d5644dedc2d86cf157336f098 06d6f83dcf3a1c874fb7cf8282fb92191c5ee57650ce0a4501b7059468a632b178c825672ed560edf432e6c7e8db5c9c
SERVER_TRAFFIC_SECRET_0 51dc297bae918200ffda1c1b45026eac9ac5478d5644dedc2d86cf157336f098 a70d23a568e48cb3e17dcef355e32ff7546cbf41a8aad9e74aa1a8d67c209c4e29592b049509b0c6c65d47ccc540e98c
EXPORTER_SECRET 51dc297bae918200ffda1c1b45026eac9ac5478d5644dedc2d86cf157336f098 324ca63caf55fa608b739b9735f2167b5b1679ec5437092d0c326eb12b86c32421ada8d022d1f6257ee9cf91bb4e96f1
CLIENT_HANDSHAKE_TRAFFIC_SECRET 5f643bae0970699c48d0be167e62581b84ff35fd86309ab460c8a268575d9237 1cefb9ae5e6a175dd753aa6f6394500c553a0d67378e4a6643871d090db0a13d80e5893a16850bb500aba98a4ed172f2
SERVER_HANDSHAKE_TRAFFIC_SECRET 5f643bae0970699c48d0be167e62581b84ff35fd86309ab460c8a268575d9237 0ccaad3d1ce8411fa094d4b2aefb08317abe34b299ffc38070836097c91d44376e10874ae712b71cdec9e78fb426f463
CLIENT_TRAFFIC_SECRET_0 5f643bae0970699c48d0be167e62581b84ff35fd86309ab460c8a268575d9237 2ed6265ac641e84e84377587cfde99a57d4989d8d59bec8677c96326f66ec894688a3cb37c86cd07afe498e2a53623c5
SERVER_TRAFFIC_SECRET_0 5f643bae0970699c48d0be167e62581b84ff35fd86309ab460c8a268575d9237 632dba196e8cca081b21bc5a57e17188523e7b63fce56bc795bac47317d31f57f68f73f3b3d98144dce40fda8498825c
EXPORTER_SECRET 5f643bae0970699c48d0be167e62581b84ff35fd86309ab460c8a268575d9237 f86d21e541cfd800e83cab5f5d3b69e0924c701b5c16c11e2c7ad5e73c6cbcb659a832f09cf18374a2b2820979814808
CLIENT_RANDOM f636c1b05f5fe11e98d537273657e6464b1f40c2e201851d6b7dce0f6adeca2d 5ee2cc546290f93c3ceb5be6c4762702f9bdaf7a556d22c9fe07bf929f5246bc469350e6ee0db28ae417fd67b5476dd0
CLIENT_RANDOM fbe120cfd696d8bfc5052200b3ba55bd7fcbf7dc8c0a5318f7684884e59c0687 11861ce027d3c38b9e4ad4d04e1d27b9489663a15186e2439ddce1119e3d903d9ffb76b12ba5144f7aa2771b75b1a60d
CLIENT_RANDOM 6b6064afb52d4408c9e826821b824aa7a35a00f7ec24ae1f3403783897f234d1 4c10af5e46e87d9a19ebbddbc9017d8958cd1876c876eed0742f31cc9954301b55353765a62b885bed89d4de80b269a1
CLIENT_HANDSHAKE_TRAFFIC_SECRET 23494804f659a2961578d407f131436e833fd72acec99d64c4568029a795f032 4763d405691183af3d8920aca2f7924e3b8fb0fb0cca308df96231089d3afecc1a8a8fef8d5995ed3fa4fa192d02e39c
SERVER_HANDSHAKE_TRAFFIC_SECRET 23494804f659a2961578d407f131436e833fd72acec99d64c4568029a795f032 d024cfdd49621a39bf42e5ec0b5cf0b78205a79b8db44d835a77812e325b04f2233e5b24b910c621c6a5af84597c35a5
CLIENT_TRAFFIC_SECRET_0 23494804f659a2961578d407f131436e833fd72acec99d64c4568029a795f032 e031de818876f3a32708842f7f14ad5656cd6db1997f95668785d9a6b14a2a4795dfdb100c5e494107d0bcfb9eeb667b
SERVER_TRAFFIC_SECRET_0 23494804f659a2961578d407f131436e833fd72acec99d64c4568029a795f032 11121a9fb2eee05e58b04d21c7bc6232ff39849e5f8d51231aed06de4fac4e9c821d3f94f7df948c32ed6533230c2a6d
EXPORTER_SECRET 23494804f659a2961578d407f131436e833fd72acec99d64c4568029a795f032 70026dc5f60f101ee688b3a315bb2467b72978c63d89900a7d608e67369511c211d78b04a693f98178c0aa5e564a504f
CLIENT_HANDSHAKE_TRAFFIC_SECRET 5461d76ea62beb7f1eb3523758d202092e5924698f799bd37e1bd77d559c15ec 2fccb8490e7dbbe42671677fd83aadd222db69708abe4665b6da16b456925461188ad136c0ae5c5be5370d035fd155c7
SERVER_HANDSHAKE_TRAFFIC_SECRET 5461d76ea62beb7f1eb3523758d202092e5924698f799bd37e1bd77d559c15ec f74c51247da457db64c765586abd918a37991568a234edb38ecde76fb0a5445bde63395c2500069a72a336b0b545127a
CLIENT_TRAFFIC_SECRET_0 5461d76ea62beb7f1eb3523758d202092e5924698f799bd37e1bd77d559c15ec 1412c728fdd4434045e6db70d81702fd7eab3b9ae0dece98dcb990cd08ab32feb0f98704b2daf0ed0ca9da65f7e919f4
SERVER_TRAFFIC_SECRET_0 5461d76ea62beb7f1eb3523758d202092e5924698f799bd37e1bd77d559c15ec 41fdd8f74eb98efa6f83e2d470369d219feba92c262b70c02ebfa24c1ab6fae2d922b480ccadd1b58917d9081c93bcfc
EXPORTER_SECRET 5461d76ea62beb7f1eb3523758d202092e5924698f799bd37e1bd77d559c15ec 9f937e3ba2e00a7e38f774affe744fe5cc698ea8053eeed3845bd5149b8c8396efc1524303031c521e42af79c90aca5a
CLIENT_HANDSHAKE_TRAFFIC_SECRET e28edde8c539ff5e305f3f154747edb8a34d5b691387c6d641b5be378fed3fe1 6e4053705e5f4b5a782980954605d3bf76955196ab6cb675a6551ebfeaef96ddde13f1624978a8c5d1ea582d6a8ac4c3
SERVER_HANDSHAKE_TRAFFIC_SECRET e28edde8c539ff5e305f3f154747edb8a34d5b691387c6d641b5be378fed3fe1 08e7f64262ba04a88230662bf7207be7906a6d55c40874e7d5fe2b6e31a28b6bc345fbc3fba8a59504ac4a2188b44082
CLIENT_TRAFFIC_SECRET_0 e28edde8c539ff5e305f3f154747edb8a34d5b691387c6d641b5be378fed3fe1 5618f2288c44cbff37b8476c0175b90e086d76ed09fcc03f57a5107b8a94ba891d8e98bff344230bdc7b32a65c5f54d4
SERVER_TRAFFIC_SECRET_0 e28edde8c539ff5e305f3f154747edb8a34d5b691387c6d641b5be378fed3fe1 843cf486b2489efd6bf61a67e42ef0988998e931279d3f61faa40f090ac151ceca5b250ef0a33b566e16fd60c855efc4
EXPORTER_SECRET e28edde8c539ff5e305f3f154747edb8a34d5b691387c6d641b5be378fed3fe1 d16d17b494084a10cdda8d9a865674f1c1ebcccc15f7d085719b6e1149253e12605f79324931d85f6195d926b175c90b
CLIENT_HANDSHAKE_TRAFFIC_SECRET 8f13d6eb47ff5bcc1527f51782295b7ae9f92c2a5fc3271080fc3e1c217c8cce ca959b6c9d9676a6c79ca40fb6048fe97dc28491c8eb42efd1b1647a8177fc7406543ceb2c6f8147a42e7462dfbb75b5
SERVER_HANDSHAKE_TRAFFIC_SECRET 8f13d6eb47ff5bcc1527f51782295b7ae9f92c2a5fc3271080fc3e1c217c8cce 68f7409147aa06aec2db06ad40a19980ddee29fac958a10c97a707d545a75261cb6005e6a74140dd982cb510cd8d9d8b
CLIENT_TRAFFIC_SECRET_0 8f13d6eb47ff5bcc1527f51782295b7ae9f92c2a5fc3271080fc3e1c217c8cce 07d15d14a4449ad3d974c36e1875e6a084ed0e332824c01eede75b867d1e780e87d772a873ff392ec3bc501dffa6c501
SERVER_TRAFFIC_SECRET_0 8f13d6eb47ff5bcc1527f51782295b7ae9f92c2a5fc3271080fc3e1c217c8cce 9f61eafa415afbe9ad8975441e62ec27473699c66a7ae480c92206de2dc1e307e9987457e2a4fc074f3a21727ddfdfc4
EXPORTER_SECRET 8f13d6eb47ff5bcc1527f51782295b7ae9f92c2a5fc3271080fc3e1c217c8cce 9c64835d0583267d7b68f48a45cd4c103766a3db71dca69aee31e91d4fe091da2499846da8be3cf9544a220a025050f9
CLIENT_RANDOM 7f3ca38fec5d4a7ee1d9baa4e6ffbe7879fe20071ae145f0b77d9055fc11b736 60f0f68e215bc349804dde91d8ca8b781eec923401d7d869ef261713a2fca932bfb39b2c2b839719eef9652f111ff695
CLIENT_RANDOM 1af6cef74107f307ce4b318affe387425ef11021b12c6f9117f672f3a4a365ec 801703b9427de92a54238d43a2b9cc7f2fffa551d56efa339370e5af4d39b12e06e532971ff5417664b495c1537a9db0
CLIENT_HANDSHAKE_TRAFFIC_SECRET 36d24d541ac05bfb40572ceada6d4bec752e45f126348d5aa4a94e5a8d257a7b 8baea8a682af8cedf03093a9250eeaa067f491686431a061de3907fd86cba228c9e9e2f4c9dbf98bbbe7c937b71a67f7
SERVER_HANDSHAKE_TRAFFIC_SECRET 36d24d541ac05bfb40572ceada6d4bec752e45f126348d5aa4a94e5a8d257a7b 4bff2f7760bce912c3a9cdab7ff8036461bb5f3da2a2a67a3cadda58af4f9f137fbdbe75a4df9408c0adbf49f7c7a535
CLIENT_TRAFFIC_SECRET_0 36d24d541ac05bfb40572ceada6d4bec752e45f126348d5aa4a94e5a8d257a7b 177105293db33d125cde3743d8be8ce79c6e423fc87d636072ea1469bb7a0a7815ef644753c7e33bfdb9554a01228d5e
SERVER_TRAFFIC_SECRET_0 36d24d541ac05bfb40572ceada6d4bec752e45f126348d5aa4a94e5a8d257a7b e79c7ce96eb88591797e78abbe14b20fd6e1778b993152bed64ed1ff091f14dfe817c29fbb3ba7867fd33d422848f6aa
EXPORTER_SECRET 36d24d541ac05bfb40572ceada6d4bec752e45f126348d5aa4a94e5a8d257a7b 17686ec39bf23ab6eed137df333ce8bcac0e7e154134c1ff3dfa2e4b9020a88b8c1d1191993bdb48c593a00ff0456731
CLIENT_HANDSHAKE_TRAFFIC_SECRET b9cc155a741e4122b19ea70f568c1727ec5ede18d9743fc82a7ee570c7a33744 cc2ad09c5bb81000d5d797f4ec908a67f83be4424b4cb6cfe7827365d8857d9f56f98680f8843ee76ce51270e1a00a8f
SERVER_HANDSHAKE_TRAFFIC_SECRET b9cc155a741e4122b19ea70f568c1727ec5ede18d9743fc82a7ee570c7a33744 f2436ed6374a9ac5d87f40778766f8c01f58c418fb8eb671162fa36af94abee2672d4cd56cbfc0452564ec2c48d8d6df
CLIENT_TRAFFIC_SECRET_0 b9cc155a741e4122b19ea70f568c1727ec5ede18d9743fc82a7ee570c7a33744 1a4ea1165f979258eba4e40c9119fc0ed8e92e0b3b57f08c3639a8df60c702a3b55adab187d95a36863f53b96cd404fe
SERVER_TRAFFIC_SECRET_0 b9cc155a741e4122b19ea70f568c1727ec5ede18d9743fc82a7ee570c7a33744 3245e34785769f04a131d49af00d02bfecd76e06e1d2ed279bf4782d7300b9829f142879e0b318641983a6366d91da7f
EXPORTER_SECRET b9cc155a741e4122b19ea70f568c1727ec5ede18d9743fc82a7ee570c7a33744 02e29285fa5f8bb7eb772a2cd86edacef0c830a682a5e0acfe66a837ff4909b65064c511569e20c653a95aa54ec0b0a8
CLIENT_HANDSHAKE_TRAFFIC_SECRET 67355f3b11255b1cfa055715b57f248398de100ce271c5d45e35de055f1af7bf 3541291353a092dab77009d63b4170f2269863f69f853b9cace6f95a0794fafc78700b3f73d7b8a0cf308c212cb103e5
SERVER_HANDSHAKE_TRAFFIC_SECRET 67355f3b11255b1cfa055715b57f248398de100ce271c5d45e35de055f1af7bf 5ccebc281a4a26b3b9ed0a1a03b3c16d89552973e6f53af6c3588631b59f2b3e0d7fe761fd24a1d166a10b4db0ac7256
CLIENT_TRAFFIC_SECRET_0 67355f3b11255b1cfa055715b57f248398de100ce271c5d45e35de055f1af7bf ca5661dba29094e79e658408037bc46ffbffa305f2b3936c53e792ffba8655a9822bba7aa4c855422a1dc8453513c9ce
SERVER_TRAFFIC_SECRET_0 67355f3b11255b1cfa055715b57f248398de100ce271c5d45e35de055f1af7bf 8500ef7e75a4917b74236cebe2025e707acebe3845770edf2e0802c8df2fb68255d116f11ce47e552374444fb2fa6662
EXPORTER_SECRET 67355f3b11255b1cfa055715b57f248398de100ce271c5d45e35de055f1af7bf f3ab1c348f10a2695db8c5a6f42aeaa682f332130229c8b49308563d727c7de19f31d89e83cf837488340feb04d2fc09
CLIENT_HANDSHAKE_TRAFFIC_SECRET 6b32e41d9922b99f28aba5aedab2889895d8f2af2910f2d60cd0bae62909540b 2e28f81ff12f398cb6d8775990896b81ce718ff1525b6e6f06ae113a80fe12de192650cc29c7df41b0eb3cc6108bd450
SERVER_HANDSHAKE_TRAFFIC_SECRET 6b32e41d9922b99f28aba5aedab2889895d8f2af2910f2d60cd0bae62909540b 9f48aaa400ba382360d2254050a2e31381d069f12751d510acfd328f59e7adc45eab0ae7aa7b71dbf01d403f089aa9fa
CLIENT_TRAFFIC_SECRET_0 6b32e41d9922b99f28aba5aedab2889895d8f2af2910f2d60cd0bae62909540b 3890d7743ea4ea160633fa0115bfb74bc963c20a4712f60bb47de9fbe7c755cfdeccc476c11f67189b11b34362c6c532
SERVER_TRAFFIC_SECRET_0 6b32e41d9922b99f28aba5aedab2889895d8f2af2910f2d60cd0bae62909540b df2342967bdfcaf805ed32937921fac8c39670a7a6430d9b28864fb2d5d22825b6a8a472524a9c7ce7eb785c25a6789d
EXPORTER_SECRET 6b32e41d9922b99f28aba5aedab2889895d8f2af2910f2d60cd0bae62909540b b705718e7ba1bd839437dd28f692d444fdc1c9b1e1aa1c40a75ba6ac45684b47ae0423d7472cc4bb6a1f81247b4d8985
CLIENT_HANDSHAKE_TRAFFIC_SECRET f351cca7e87d07a313b8253322149251bf2f910dc62e8a2515e516eb70c92f9e c5fd42440d7432afd53391bdf72392cbd412f449f4bfe3ca336ccc1f279dc16a362c9bf075386dacf5a8a029162b216f
SERVER_HANDSHAKE_TRAFFIC_SECRET f351cca7e87d07a313b8253322149251bf2f910dc62e8a2515e516eb70c92f9e 8a69940b4116136d67be7e57e633e960dcd70b4b95659e5597288a24fade0ca2e19b191245425f5665c10ba3929288b1
CLIENT_TRAFFIC_SECRET_0 f351cca7e87d07a313b8253322149251bf2f910dc62e8a2515e516eb70c92f9e cc7c774f6f2d1feef8e0a66a0fee04fba53267a4404726f92b627b85e565fa3502a44a0140eeabfbaa3a49bae0c1dde5
SERVER_TRAFFIC_SECRET_0 f351cca7e87d07a313b8253322149251bf2f910dc62e8a2515e516eb70c92f9e a2001d602f0d303021d82acb3dfb87669dc9acd3688b67c8cdcbad7f6ff5327938315ed2f86d5a88b500acf69e4d9cff
EXPORTER_SECRET f351cca7e87d07a313b8253322149251bf2f910dc62e8a2515e516eb70c92f9e a5deac39abfeba864628d825a2f061d669473a2ce395142e95d166cb890f0e848ec20ce64b5feeca2027a50ce238745a
CLIENT_HANDSHAKE_TRAFFIC_SECRET 8a5b93c9d2ef2b7eaa1ac92c4a546c3fc56545a868d6c6c843d3920c7e62e008 bef917a2b53f9ca030dd11035be7b7c998a9ee501e4369081574724fd6d35b1df81a1079b0527d99c974997cd4fa7bd2
SERVER_HANDSHAKE_TRAFFIC_SECRET 8a5b93c9d2ef2b7eaa1ac92c4a546c3fc56545a868d6c6c843d3920c7e62e008 b84ab7744344cd0e97ed0260f37bbadd36fb7f24576bd396e1694ddcc95f2357461e9ddd9801d75a27e0c7177de2fd7e
CLIENT_TRAFFIC_SECRET_0 8a5b93c9d2ef2b7eaa1ac92c4a546c3fc56545a868d6c6c843d3920c7e62e008 0604c491b58faea5710fef8819dc7bf2cab75a7534a4a2721d9036c145f2d2c0ca60f61a73a66054ebc8ce17246d0594
SERVER_TRAFFIC_SECRET_0 8a5b93c9d2ef2b7eaa1ac92c4a546c3fc56545a868d6c6c843d3920c7e62e008 8cb8bce953264bc4ff521caf0060aead593a338cd873ed6720565ff1149588e0699668001146e9ecd60b395a8a88f110
EXPORTER_SECRET 8a5b93c9d2ef2b7eaa1ac92c4a546c3fc56545a868d6c6c843d3920c7e62e008 bb2ec54d33dc4f99314fa3edecc4e77f20fa0213da085472e4cc717468108ef926293a44d90e33b40461fef4e4f8c43f
CLIENT_RANDOM 55f3e2c4128a21c9888b6390ba8b54c2aec044d822235a9d41f9fc747c4641c6 8c9fa0b952ae2ce349ddbb4a44545ec7ca3a3ae2251b39152f84d766db3cbd0b5f3e85ff47b59276bdc82c90667bc688
CLIENT_HANDSHAKE_TRAFFIC_SECRET 7ce437833435114b1a82d09e4a844ec0fc678814120276a6edf4a2e48da66b5b 165b5cced8161031ff0029b80cec65eb33595b762abbff0e5164297b88bbf7bb8c4cb8ab0f8186611d46a7823c9bde98
SERVER_HANDSHAKE_TRAFFIC_SECRET 7ce437833435114b1a82d09e4a844ec0fc678814120276a6edf4a2e48da66b5b b2af8a9842f1169dbab40cd45e0bf1852acfe602b326291172afd82d4245fd25013952d49c4152c13778f0dce134f46b
CLIENT_TRAFFIC_SECRET_0 7ce437833435114b1a82d09e4a844ec0fc678814120276a6edf4a2e48da66b5b 7c11db39abe2064828fb03f2c62cbf9dee43d1a3e87680b64c4156911f23549d5611b66a206717644462a1a546fbefd3
SERVER_TRAFFIC_SECRET_0 7ce437833435114b1a82d09e4a844ec0fc678814120276a6edf4a2e48da66b5b b751f83a000cb9f9e07b752273d73171da14da7d61e6e02341969b30b7620c106fac28af438e8c8965680d422de6615a
EXPORTER_SECRET 7ce437833435114b1a82d09e4a844ec0fc678814120276a6edf4a2e48da66b5b bdb95c4635a38f230137761e2f7e7225bd0e8272d7b8a5a21883fbc9dc4d33fa0f2e67d1c89dfadce5b2ce4314f5554d
CLIENT_RANDOM 3c83893ca5c130fd8cc12b6d9d715b7cbd013c63907e731e0bfb6f099baf554f 1beb08870a465dd373fc23a3ae9621e54fdd0789d4315aa14b924f560a65bcaaf9a1a88105b895f592f6952168172a6e
CLIENT_HANDSHAKE_TRAFFIC_SECRET aefd4c90f0cecb063f9fe7957e7e86ee71db247839e1d17a33dfa914484852d9 f2fc61393d7fce5a2c946941da5da5ef6c82e69af246d69fbe1cb0c7b97c0ed881398ce3897d8df47a260b5fba80fb71
SERVER_HANDSHAKE_TRAFFIC_SECRET aefd4c90f0cecb063f9fe7957e7e86ee71db247839e1d17a33dfa914484852d9 a7e48cd28ee2622f00eba8392ed5410e292a2307563238bfd4726e804a35e5bd0529b84cac6965acc8fde249819f075b
CLIENT_HANDSHAKE_TRAFFIC_SECRET 9b89b0493f3b1b95d5d495fced893f62c3383e873f9da6541e1260eec79f51c1 44726add069c2bb3f0a0aa209d97628a10442d4048a9e29e5b69ea361c67505a0c8383500b6d0505371a18b43e88bc18
SERVER_HANDSHAKE_TRAFFIC_SECRET 9b89b0493f3b1b95d5d495fced893f62c3383e873f9da6541e1260eec79f51c1 8eae0691efabbbf67e4f409038e17f2cc1ea812839e8b7dae02690747a22495b203d16d78d85b77a0b002bd381cb0fe2
CLIENT_TRAFFIC_SECRET_0 aefd4c90f0cecb063f9fe7957e7e86ee71db247839e1d17a33dfa914484852d9 458d7331969314711dc365efb0fa3e0e8ec1dd715311b24a3fee6bf8d97735db23469e56751f0c8678b15dd02ce77179
SERVER_TRAFFIC_SECRET_0 aefd4c90f0cecb063f9fe7957e7e86ee71db247839e1d17a33dfa914484852d9 e2979ffcd8a6112c02efc3e2c7c50e7134453e4e90efcfc44ad8c1cba0c3371a79b2771a043322016b910184affb14d1
EXPORTER_SECRET aefd4c90f0cecb063f9fe7957e7e86ee71db247839e1d17a33dfa914484852d9 78620ea9f850493953583023bbeb93b31e56d02b7ae6f8e2a44aa6f4a5d12a309689b1fa7e5ca81d4411e9edcfe50f91
CLIENT_TRAFFIC_SECRET_0 9b89b0493f3b1b95d5d495fced893f62c3383e873f9da6541e1260eec79f51c1 ec43739ac322258dffee6a0b8824bb984694973cd2ca653bf0769ea3cbfc2e54710a4a4d65de20bc04cddb4c1fcd79bc
SERVER_TRAFFIC_SECRET_0 9b89b0493f3b1b95d5d495fced893f62c3383e873f9da6541e1260eec79f51c1 c3a9b0ee08344993b9547a79fca8a3553dd0799e6c0c98cb5f81843f2f9f55e5416681957d7dfc61a0524a52109966ec
EXPORTER_SECRET 9b89b0493f3b1b95d5d495fced893f62c3383e873f9da6541e1260eec79f51c1 ff80d82e8ea573bfaaa02e131b290b1cd5e20263079d22de6b1aa3247a51d70fcbbc07c2fa9279dab12a07857fb992fc
CLIENT_HANDSHAKE_TRAFFIC_SECRET ea61de023b234aff8b3331aecf48488b67854b5609e0b58c91878178170ab4a6 74028446f2587dd781fc63549e334eefd54f5d4817487153b6ee5daa0321d10ef362eada41899af4776e498a98eacec4
SERVER_HANDSHAKE_TRAFFIC_SECRET ea61de023b234aff8b3331aecf48488b67854b5609e0b58c91878178170ab4a6 282a9028665f95d69f354baf30e27edbb5fae476d0cdc02bef64b6460abf3c45ef93e0df6c72dfc3ffa91d0d1d3e782e
CLIENT_HANDSHAKE_TRAFFIC_SECRET 9f0513a748e7e6540707f53141ad61c0916bf4beb5592aaab2b9c37b13b1ae0e bf57f81452cec360b056c9a6a700a9a4bec3a92c63f900ce84ff8e42f196b958fdec01dda6afc0a4c7b07ea0b095aa53
SERVER_HANDSHAKE_TRAFFIC_SECRET 9f0513a748e7e6540707f53141ad61c0916bf4beb5592aaab2b9c37b13b1ae0e 72cc4d4f39e279c0b152d201a8869e0df3a1eb8a38caeadc77b99fd3a74a16c78d9bcf8b23e8df17972ec30478e727b8
CLIENT_TRAFFIC_SECRET_0 ea61de023b234aff8b3331aecf48488b67854b5609e0b58c91878178170ab4a6 8746514a48b070fb584444cc2a7de40294197e76d54e53ec050d945bdd8bc291eeae27b0f55a3d0e5e90141aa555002f
SERVER_TRAFFIC_SECRET_0 ea61de023b234aff8b3331aecf48488b67854b5609e0b58c91878178170ab4a6 e11706d9521136761ba5eff31a7db34f2e048964b873cc0b54db6b0561b62800302aac380d87c1a506ce7d6424487a9c
EXPORTER_SECRET ea61de023b234aff8b3331aecf48488b67854b5609e0b58c91878178170ab4a6 544b8e0866e27094b0267ac392c7d8561dbf51592f12157aabe46e5342565892da69f5adc111fb3726bf479602bb65a5
CLIENT_TRAFFIC_SECRET_0 9f0513a748e7e6540707f53141ad61c0916bf4beb5592aaab2b9c37b13b1ae0e 7c0d48fbf5e8a5c543073a7c1a88732f14b121c409fca04e8d4103c8b3e29db58632fa8a995859a3eea97e477c4c7644
SERVER_TRAFFIC_SECRET_0 9f0513a748e7e6540707f53141ad61c0916bf4beb5592aaab2b9c37b13b1ae0e 8bdd165f63fdb4ed758d7a8b4448a4f2063d19b0be3986ae3246755a3b647e6acb44cc0fbe4612d105b7e8dc0b7b961d
EXPORTER_SECRET 9f0513a748e7e6540707f53141ad61c0916bf4beb5592aaab2b9c37b13b1ae0e 8973244e74d2d0a09a501e6cffcbf50e3d4f9c34f555ab23a7dd4fd7f1430a0a2ee1b9aed3b72f27fcaf145ba8b9e4b0
CLIENT_HANDSHAKE_TRAFFIC_SECRET a1176ed558509038932e2d0dc710a6f15d1b175ab4986ed72d2267311dc3b2d0 126836da3cef2b7d89103871a45e0c24ce724936cbac355700e9a5acf9909c6b2af5606b2451c23e86bf2a149b051df9
SERVER_HANDSHAKE_TRAFFIC_SECRET a1176ed558509038932e2d0dc710a6f15d1b175ab4986ed72d2267311dc3b2d0 5c6cd5099fa0e4f1adc38f06cc0d253ca45f4b954d11d007c81d3ea71038caf4c5a236c6f82e0491a23a6a4d5a2f3537
CLIENT_HANDSHAKE_TRAFFIC_SECRET 1d348661db31ddcee00e1b063ca02084c559b9b1395dfe917b5d6e10bd1fae52 8cfb13e34a2e5440d3bd4919ad6d51a33d0e330e588d5eac074f1abf7d6af80f3ad04b6a7603c78d0e98f644e66cff2e
SERVER_HANDSHAKE_TRAFFIC_SECRET 1d348661db31ddcee00e1b063ca02084c559b9b1395dfe917b5d6e10bd1fae52 5a91e369e6fc1c7a1934f817ad5eb87c69f433e973e0c889d2d781c15b59d21c04098c86840961aab08a5ee35b5c10a5
CLIENT_TRAFFIC_SECRET_0 1d348661db31ddcee00e1b063ca02084c559b9b1395dfe917b5d6e10bd1fae52 c7a12a368cdf8e4539c405e18a529d1c8ced8922f1e7f1475dc985bbcf7ee0c4a847f71a02570bd049f370723f4e8b04
SERVER_TRAFFIC_SECRET_0 1d348661db31ddcee00e1b063ca02084c559b9b1395dfe917b5d6e10bd1fae52 bbe55b16112b63595d7ce2ec03a936553f94668eff106b9a77c8ca5725228a2ca7f1778ee8af5c87917b03b27b26f7fa
EXPORTER_SECRET 1d348661db31ddcee00e1b063ca02084c559b9b1395dfe917b5d6e10bd1fae52 96ae2e6dc3a7cf5635e21d30c84d6b639a947a63a96902af225fd95bd51d5ba0cc36929b437e06dc21f1a2fbf9a1f0de
CLIENT_HANDSHAKE_TRAFFIC_SECRET 6e08f4b11ceef403deffa3cd7b8b52c651d1aaa85a1ab9a681db1cefb26c9fcb 017e6bd796b05ccc8fb8a8e8194ee26869d4aa2ab12b791cc65d5445ca0620f35c4fa620190d85484e5e5900c2a75b2c
SERVER_HANDSHAKE_TRAFFIC_SECRET 6e08f4b11ceef403deffa3cd7b8b52c651d1aaa85a1ab9a681db1cefb26c9fcb 66c2d1c44aca92a182b9bb3f9573f60d143a450953747fd41f4a7f735bb147cc6dd3a3c87e5c1c3b8cd6ba6826558e11
CLIENT_TRAFFIC_SECRET_0 a1176ed558509038932e2d0dc710a6f15d1b175ab4986ed72d2267311dc3b2d0 e4ec1f37a86e4b5febb8dc46c63fdb2ab8bc6ba0002fdb2d78ea4bb4b0b2eda0a557cd0272d1575a49a9eb42e5e68d71
SERVER_TRAFFIC_SECRET_0 a1176ed558509038932e2d0dc710a6f15d1b175ab4986ed72d2267311dc3b2d0 fa00cb05efc281966190005827e7f62b42f1baf65f4f78d8c178ed03618161898c7976afa8401f929be1ac54bbce5b75
EXPORTER_SECRET a1176ed558509038932e2d0dc710a6f15d1b175ab4986ed72d2267311dc3b2d0 954688501190faa1742c60e408d562fa2f0a0d2d66c1410bddb81a3b3baaca3d2da32cc93d00e6225af1ac89eacd1fcc
CLIENT_TRAFFIC_SECRET_0 6e08f4b11ceef403deffa3cd7b8b52c651d1aaa85a1ab9a681db1cefb26c9fcb 4789ae2a05f5aa2d06bfd0581488c82a0af9184aaab9ffe94a3cdba9b0a845990ba1503dd25ed0f8de78b7f6d79db3f9
SERVER_TRAFFIC_SECRET_0 6e08f4b11ceef403deffa3cd7b8b52c651d1aaa85a1ab9a681db1cefb26c9fcb 3fb5f5f047058317b7763721d337c2284fdd2aff420e85d55ad544e16530723c05c70fc59b5d0dc12c716e3728464e40
EXPORTER_SECRET 6e08f4b11ceef403deffa3cd7b8b52c651d1aaa85a1ab9a681db1cefb26c9fcb 46e7167b8f7f99fe6172e7f69f3f848e76d7fd7115619ea20c1a160091121ef0724b350518829b8a5b0f3509c8771429
CLIENT_HANDSHAKE_TRAFFIC_SECRET 1901e4f7abd14884fbd3999b31062fc66d76ad50caed5d672bc495ce44348423 3ddb84bb949c304a0c1416769623e3ddacdc9b004e3cee8a3a73e8836432b3e0455b44ad7bf22de95eba926b1b80a6ec
SERVER_HANDSHAKE_TRAFFIC_SECRET 1901e4f7abd14884fbd3999b31062fc66d76ad50caed5d672bc495ce44348423 1caaaaba4dde5eb2ea490e8657e2a4a0e2df8fef0d521d16a0d8c19d5e463c9c81d64a9574e827dad53e2b8b7cffb10a
CLIENT_TRAFFIC_SECRET_0 1901e4f7abd14884fbd3999b31062fc66d76ad50caed5d672bc495ce44348423 347a6dc1eb060b5fe603d3d970189295fe28f810e7da605a8507308460e2b47de2fa8875330503a0a5335b691c9e74dc
SERVER_TRAFFIC_SECRET_0 1901e4f7abd14884fbd3999b31062fc66d76ad50caed5d672bc495ce44348423 266a6d76280b15411c951fc5dedd4e9441e3f34add5c243bd25e93787665d7d88608907e182a763c908a8e134656dc35
EXPORTER_SECRET 1901e4f7abd14884fbd3999b31062fc66d76ad50caed5d672bc495ce44348423 cb2e6bf8b9c0b2a9cb719ace1797a4a3d339ec4c5b70e469bea1fe60e83b6fcde7d5e6503be903b3375c0f5a1964e95c
CLIENT_HANDSHAKE_TRAFFIC_SECRET 0b4eaeab401bdd27e2aadb4ede96a8e0c0a02e8fe02ee951a852fab56e11bf66 b6f65057efa01a0320580bef63052ceedb72a7395f4ca17c41921fca7f3c1c31
SERVER_HANDSHAKE_TRAFFIC_SECRET 0b4eaeab401bdd27e2aadb4ede96a8e0c0a02e8fe02ee951a852fab56e11bf66 102748d027c49aac29b0685247f2294dc50ba3991d759abeaa3cd35b9904cb9a
CLIENT_TRAFFIC_SECRET_0 0b4eaeab401bdd27e2aadb4ede96a8e0c0a02e8fe02ee951a852fab56e11bf66 7cbd5ff5b5c526146ea70f3e48bb04719a694bd16b6a508eadaa84e355c79758
SERVER_TRAFFIC_SECRET_0 0b4eaeab401bdd27e2aadb4ede96a8e0c0a02e8fe02ee951a852fab56e11bf66 7fdce3dda46cebbcc745d56c7ab2f7ac569c3ef2a425c4110af1837cb9ae8aee
EXPORTER_SECRET 0b4eaeab401bdd27e2aadb4ede96a8e0c0a02e8fe02ee951a852fab56e11bf66 fd8767e4ce2c1e317e36ee10492966e9745aeeb8be4d22268c9d1fefd80a60d7
CLIENT_HANDSHAKE_TRAFFIC_SECRET b47e072045acfa5bb2bf43fb583ebb048b522a3c157c8d9c664bb25e8b083994 24d4e977ad3f2abd6d13f1134fa9939c77e05dceeebec88a4d292c3020a6847e14aa8d8d6a5870caf70c829fb512d3c6
SERVER_HANDSHAKE_TRAFFIC_SECRET b47e072045acfa5bb2bf43fb583ebb048b522a3c157c8d9c664bb25e8b083994 a317a6e9a8598dfe5d4520d1ba00cd136f0b826cd6422561a2d10b74e7286ac27413a273c28c448d8888f4b93c55bb00
CLIENT_TRAFFIC_SECRET_0 b47e072045acfa5bb2bf43fb583ebb048b522a3c157c8d9c664bb25e8b083994 23b94ccb67f4b0300edbba702d9a014e4675862b303bfdb9d8c33fbebcc99e6a536c106404ad2ac68891dbfb5b8b708c
SERVER_TRAFFIC_SECRET_0 b47e072045acfa5bb2bf43fb583ebb048b522a3c157c8d9c664bb25e8b083994 c111d65eaf07228ef255425743b34024939b58f92e7b3294bfe94cc9811fd3a61a9453c7d9a2bc1e16953e239fe422c8
EXPORTER_SECRET b47e072045acfa5bb2bf43fb583ebb048b522a3c157c8d9c664bb25e8b083994 5f4e9b1edd4c3937e5b0ee4024a492cad6e5221cadadc12c094ab4c3028b25f942740dccf125f8f62be635906ea720e8
CLIENT_RANDOM be90e2e5ce7585bf0cd78b22dbc0f26aeab551c183c38fa248b4f3770cf45e6f 266aa6db92fedbaaeaa654b93e2d6c69a5d079d7b41ec1c018934999810b596e1548fad8249d6ee0a4233c1e62c47418
CLIENT_HANDSHAKE_TRAFFIC_SECRET 9e8fc3819a0a8a71b2dbba7d7c22e16c46d9b9fce26ffb9b9821af7dbd1fa6b6 ad8b45947fa41df6215ab292ac3ee55338db7430d8cbf7b55ce3662c432d783b7d68411976e868eae12a86c5217f011d
SERVER_HANDSHAKE_TRAFFIC_SECRET 9e8fc3819a0a8a71b2dbba7d7c22e16c46d9b9fce26ffb9b9821af7dbd1fa6b6 b5726f8271e3dd56f27df0462e170e363f125322d94b11e0b1e7b441ad93df911b5cce6edcd760b7970afce24da12333
CLIENT_TRAFFIC_SECRET_0 9e8fc3819a0a8a71b2dbba7d7c22e16c46d9b9fce26ffb9b9821af7dbd1fa6b6 e92f6bef565199c866c749da06f18943e9072d0a7be71aa715155898e48261a4192a83052a3b7651ca68407e6ff0324c
SERVER_TRAFFIC_SECRET_0 9e8fc3819a0a8a71b2dbba7d7c22e16c46d9b9fce26ffb9b9821af7dbd1fa6b6 bad3c4be2c05e4c7ff592a83e0e89abb31d2fbfc245c30fa9680f031587ee63f6b0bedb936195759f0c01e8cd7a1e038
EXPORTER_SECRET 9e8fc3819a0a8a71b2dbba7d7c22e16c46d9b9fce26ffb9b9821af7dbd1fa6b6 1599a6c85e8fa725ea790984871eb905f11c6f76b7f21927c6fd6d69bc91cf1f1c6dc3ee526811655ed18a0699704f68
CLIENT_HANDSHAKE_TRAFFIC_SECRET 398576dca9113173425366cc041ec6079861be939ba9b73349353ef0d0714626 c2685b5257cd5a2a2a1328809c4ba60c66d36eedba16878e66068f736bbf193bef6fe3dee38bc420632b2d5b956ef4a3
SERVER_HANDSHAKE_TRAFFIC_SECRET 398576dca9113173425366cc041ec6079861be939ba9b73349353ef0d0714626 a41f467d2cc2dd053c9396c27fc34ad540ba650bd91f63b2b6628e4ddbd2104db7c552f2c12cc091fccedf28fc95d17d
CLIENT_HANDSHAKE_TRAFFIC_SECRET c7bf257eb2d15e983f63199820f3f8cc6005a1c634e0d201d242b97941c0ed83 dd0238493a4c920cf5b168cae35eff08fb111cbbc0e351bfcb7e856bfd6fa599
SERVER_HANDSHAKE_TRAFFIC_SECRET c7bf257eb2d15e983f63199820f3f8cc6005a1c634e0d201d242b97941c0ed83 92fc3e5cf8e6e76e30f44ff44b39072e6da18f9283721b06c0794786cbd8c9f3
CLIENT_TRAFFIC_SECRET_0 c7bf257eb2d15e983f63199820f3f8cc6005a1c634e0d201d242b97941c0ed83 0a828f73179261e3b8223a535ae549a717841828918a452fe0e05a8ff93eee53
SERVER_TRAFFIC_SECRET_0 c7bf257eb2d15e983f63199820f3f8cc6005a1c634e0d201d242b97941c0ed83 7a3dcc3d6e726c4c27735ccda9a539b5c95b2dcf458f9fd3af7d4a6c8253c3ab
EXPORTER_SECRET c7bf257eb2d15e983f63199820f3f8cc6005a1c634e0d201d242b97941c0ed83 b904e41d2df210c9e88e15c55a949bff365fc68ea1aef1db0e64cde03e2b0f2f
CLIENT_TRAFFIC_SECRET_0 398576dca9113173425366cc041ec6079861be939ba9b73349353ef0d0714626 1d63a06c485b970bcf208694128dcc31df0a65f0395142e8e36e93d63645a84c8d4f397dc076165a4b10c0c4c4abb77a
SERVER_TRAFFIC_SECRET_0 398576dca9113173425366cc041ec6079861be939ba9b73349353ef0d0714626 44e284c47d5515746001c58f6c8a2ab3ad304b6be1b8ae3486a3af0301f8b25ad93edc326f5651a254e2baf628c84087
EXPORTER_SECRET 398576dca9113173425366cc041ec6079861be939ba9b73349353ef0d0714626 6dac037faa4c81ad2efa3bc564f060c1f1d06700d4af3d83434bc4f9090baca4168d6d1c2a1fd33d512b3316d74b905b
CLIENT_HANDSHAKE_TRAFFIC_SECRET ee8f4b25b4668b4b0f9b66d9ab6c6fcfc3e9e23cd910f0047fa7185728b634c6 f17c6756705842b9a1c1e16d0746e7c8978279fafe72c1ced75778c79e63a9a12484bf33983e0a935b4d4d65d2eca70d
SERVER_HANDSHAKE_TRAFFIC_SECRET ee8f4b25b4668b4b0f9b66d9ab6c6fcfc3e9e23cd910f0047fa7185728b634c6 96c8e4b904e7adec429e44a496bdeb8a93b16811453b2881dd11fffcc99310909b8329ae0999c569a9c9bc7a78679001
CLIENT_TRAFFIC_SECRET_0 ee8f4b25b4668b4b0f9b66d9ab6c6fcfc3e9e23cd910f0047fa7185728b634c6 1f94e928f982a6680c9a6b3e8fce911b1122a1ba768cd2785eb7651c6e47aa3971c3c0d6e74a1797ddd5b229479b8f44
SERVER_TRAFFIC_SECRET_0 ee8f4b25b4668b4b0f9b66d9ab6c6fcfc3e9e23cd910f0047fa7185728b634c6 363e209b6cf3a325c570aa003d4836379b7e4593707b68f9aed15f6aa34128129b85e19c38cbd46fc1ec2c827ccc4482
EXPORTER_SECRET ee8f4b25b4668b4b0f9b66d9ab6c6fcfc3e9e23cd910f0047fa7185728b634c6 e444cb8416d87f09be235c7b92cab4840be73ec23c2385d134c1a2d40f3785310e0ed716aafef5f4632c0811bb11f146
CLIENT_HANDSHAKE_TRAFFIC_SECRET df1d1ffe70662b8dc78ec77d89fcb8a8cc0fc0bbe31a734c51bb40ddd4f18ff8 2e6ff47e8b1b0b6b9af657023074d9afa33d9ae8ef1ae74bb754706a67dcc6f6ed09a032c8bf3b7ae20255b831a7006f
SERVER_HANDSHAKE_TRAFFIC_SECRET df1d1ffe70662b8dc78ec77d89fcb8a8cc0fc0bbe31a734c51bb40ddd4f18ff8 40fe81372dca6c59b6eca8a8d66d922a862b2e3477f5cc8a468d3491fea165fc99e37fc16ba2bddbedaef3b2e2bd47b8
CLIENT_HANDSHAKE_TRAFFIC_SECRET 93c0c16b0d963638c0efd90abd9de2fdcea754570b17509968f566c0696e484b ccbfcab928da65fd0216468d222950c44674039385dc27f1ac47730850ee4e48863fe4ff8ab21c86dc079a8792369b9f
SERVER_HANDSHAKE_TRAFFIC_SECRET 93c0c16b0d963638c0efd90abd9de2fdcea754570b17509968f566c0696e484b 5cfdbcf373a18e54918983d5a26f541a7370de1d7de33997bd1def82c821553f28aff85f23e31334f8774408c8fe7f0f
CLIENT_TRAFFIC_SECRET_0 93c0c16b0d963638c0efd90abd9de2fdcea754570b17509968f566c0696e484b e2f46bd0450f47e082cf768d678d9e0bb89ecef39045ae6e911b9e7bb86a0f4e76a631736aaeabdb78e92513afbc718d
SERVER_TRAFFIC_SECRET_0 93c0c16b0d963638c0efd90abd9de2fdcea754570b17509968f566c0696e484b 14f3d1aebd44f09eb3522f2d2d0692665daf95612b4c2e94c90b008f08a1c08408b2982271ac0bd42767e203fb968a05
EXPORTER_SECRET 93c0c16b0d963638c0efd90abd9de2fdcea754570b17509968f566c0696e484b 26784a767a8cb9b520b85bc45b69d336937d4f84a127d473f2c5a013d9ca0be8738e4e9a9e5fda820b1c7c403037cee9
